<?xml version="1.0" encoding="utf-8"?><testsuites name="pytest tests"><testsuite name="pytest" errors="0" failures="0" skipped="0" tests="4" time="2.852" timestamp="2026-07-14T15:13:19.617345+08:00" hostname="旅行者"><testcase classname="tests.diff.generated.api-test.test_system_user" name="test_TC_USER_001" time="1.727" /><testcase classname="tests.diff.generated.api-test.test_system_user" name="test_TC_USER_002" time="0.289" /><testcase classname="tests.diff.generated.api-test.test_system_user" name="test_TC_USER_003" time="0.420" /><testcase classname="tests.diff.generated.api-test.test_system_user" name="test_TC_USER_004" time="0.257" /></testsuite></testsuites>