<?xml version="1.0" encoding="utf-8"?><testsuites name="pytest tests"><testsuite name="pytest" errors="0" failures="10" skipped="0" tests="26" time="1.338" timestamp="2026-07-10T16:35:00.997670+08:00" hostname="旅行者"><testcase classname="tests.baseline.generated.api-test.test_owner" name="test_TC_OWNER_001" time="0.064" /><testcase classname="tests.baseline.generated.api-test.test_owner" name="test_TC_OWNER_002" time="0.045" /><testcase classname="tests.baseline.generated.api-test.test_owner" name="test_TC_OWNER_003" time="0.046" /><testcase classname="tests.baseline.generated.api-test.test_owner" name="test_TC_OWNER_004" time="0.039"><failure message="AssertionError: HTTP 状态码不匹配: 期望 500, 实际 200&#10;assert 200 == 500&#10; +  where 200 = &lt;Response [200]&gt;.status_code&#10;&#10;------------------------------------------------------------&#10;[完整请求/响应上下文]&#10;  请求: GET http://localhost:8080/owners/find&#10;  响应状态码: 200&#10;  响应体 (非JSON):&#10;&lt;!DOCTYPE html&gt;&#13;&#10;&#13;&#10;&lt;html&gt;&#13;&#10;&#13;&#10;&lt;head&gt;&#13;&#10;&#13;&#10;  &lt;meta http-equiv=&quot;Content-Type&quot; content=&quot;text/html; charset=UTF-8&quot; /&gt;&#13;&#10;  &lt;meta charset=&quot;utf-8&quot;&gt;&#13;&#10;  &lt;meta http-equiv=&quot;X-UA-Compatible&quot; content=&quot;IE=edge&quot;&gt;&#13;&#10;  &lt;meta name=&quot;viewport&quot; content=&quot;width=device-width, initial-scale=1&quot;&gt;&#13;&#10;  &lt;link rel=&quot;shortcut icon&quot; type=&quot;image/x-icon&quot; href=&quot;/resources/images/favicon.png&quot;&gt;&#13;&#10;  &lt;title&gt;PetClinic :: a Spring Framework demonstration&lt;/title&gt;&#13;&#10;  &lt;link href=&quot;/webjars/font-awesome/4.7.0/css/font-awesome.min.css&quot; rel=&quot;stylesheet&quot;&gt;&#13;&#10;  &lt;link rel=&quot;stylesheet&quot; href=&quot;/resources/css/petclinic.css&quot; /&gt;&#13;&#10;&#13;&#10;&lt;/head&gt;&#13;&#10;&#13;&#10;&lt;body&gt;&#13;&#10;&#13;&#10;  &lt;nav class=&quot;navbar navbar-expand-lg navbar-dark&quot; role=&quot;navigation&quot;&gt;&#13;&#10;    &lt;div class=&quot;container-fluid&quot;&gt;&#13;&#10;      &lt;a class=&quot;navbar-brand&quot; href=&quot;/&quot;&gt;&lt;span&gt;&lt;/span&gt;&lt;/a&gt;&#13;&#10;      &lt;button class=&quot;navbar-toggler&quot; type=&quot;button&quot; data-bs-toggle=&quot;collapse&quot; data-bs-target=&quot;#main-navbar&quot;&gt;&#13;&#10;        &lt;span class=&quot;navbar-toggler-icon&quot;&gt;&lt;/span&gt;&#13;&#10;      &lt;/button&gt;&#13;&#10;      &lt;div class=&quot;collapse navbar-collapse&quot; id=&quot;main-navbar&quot; style&gt;&#13;&#10;&#13;&#10;        &#13;&#10;&#13;&#10;        &lt;ul class=&quot;nav navbar-nav me-auto&quot;&gt;&#13;&#10;&#13;&#10;          &lt;li class=&quot;nav-item&quot;&gt;&#13;&#10;            &lt;a class=&quot;nav-link&quot; href=&quot;/&quot; title=&quot;home page&quot;&gt;&#13;&#10;              &lt;span class=&quot;fa fa-home&quot;&gt;&lt;/span&gt;&#13;&#10;              &lt;span&gt;Home&lt;/span&gt;&#13;&#10;            &lt;/a&gt;&#13;&#10;          &lt;/li&gt;&#13;&#10;&#13;&#10;          &lt;li class=&quot;nav-item&quot;&gt;&#13;&#10;            &lt;a class=&quot;nav-link active&quot; href=&quot;/owners/find&quot; title=&quot;find owners&quot;&gt;&#13;&#10;              &lt;span class=&quot;fa fa-search&quot;&gt;&lt;/span&gt;&#13;&#10;              &lt;span&gt;Find Owners&lt;/span&gt;&#13;&#10;            &lt;/a&gt;&#13;&#10;          &lt;/li&gt;&#13;&#10;&#13;&#10;          &lt;li class=&quot;nav-item&quot;&gt;&#13;&#10;            &lt;a class=&quot;nav-link&quot; href=&quot;/vets.html&quot; title=&quot;veterinarians&quot;&gt;&#13;&#10;              &lt;span class=&quot;fa fa-th-list&quot;&gt;&lt;/span&gt;&#13;&#10;              &lt;span&gt;Veterinarians&lt;/span&gt;&#13;&#10;            &lt;/a&gt;&#13;&#10;          &lt;/li&gt;&#13;&#10;&#13;&#10;          &lt;li class=&quot;nav-item&quot;&gt;&#13;&#10;            &lt;a class=&quot;nav-link&quot; href=&quot;/oups&quot; title=&quot;trigger a RuntimeException to see how it is handled&quot;&gt;&#13;&#10;              &lt;span class=&quot;fa fa-exclamation-triangle&quot;&gt;&lt;/span&gt;&#13;&#10;              &lt;span&gt;Error&lt;/span&gt;&#13;&#10;        &#10;------------------------------------------------------------">tests\baseline\generated\api-test\test_owner.py:67: in test_TC_OWNER_004
    resp, data = request_helper.execute(case)
                 ^^^^^^^^^^^^^^^^^^^^^^^^^^^^
tests\baseline\generated\api-test\conftest.py:492: in execute
    return execute_request(
tests\baseline\generated\api-test\conftest.py:440: in execute_request
    raise AssertionError(f"{e}\n{context}") from None
E   AssertionError: HTTP 状态码不匹配: 期望 500, 实际 200
E   assert 200 == 500
E    +  where 200 = &lt;Response [200]&gt;.status_code
E   
E   ------------------------------------------------------------
E   [完整请求/响应上下文]
E     请求: GET http://localhost:8080/owners/find
E     响应状态码: 200
E     响应体 (非JSON):
E   &lt;!DOCTYPE html&gt;
E   
E   &lt;html&gt;
E   
E   &lt;head&gt;
E   
E     &lt;meta http-equiv="Content-Type" content="text/html; charset=UTF-8" /&gt;
E     &lt;meta charset="utf-8"&gt;
E     &lt;meta http-equiv="X-UA-Compatible" content="IE=edge"&gt;
E     &lt;meta name="viewport" content="width=device-width, initial-scale=1"&gt;
E     &lt;link rel="shortcut icon" type="image/x-icon" href="/resources/images/favicon.png"&gt;
E     &lt;title&gt;PetClinic :: a Spring Framework demonstration&lt;/title&gt;
E     &lt;link href="/webjars/font-awesome/4.7.0/css/font-awesome.min.css" rel="stylesheet"&gt;
E     &lt;link rel="stylesheet" href="/resources/css/petclinic.css" /&gt;
E   
E   &lt;/head&gt;
E   
E   &lt;body&gt;
E   
E     &lt;nav class="navbar navbar-expand-lg navbar-dark" role="navigation"&gt;
E       &lt;div class="container-fluid"&gt;
E         &lt;a class="navbar-brand" href="/"&gt;&lt;span&gt;&lt;/span&gt;&lt;/a&gt;
E         &lt;button class="navbar-toggler" type="button" data-bs-toggle="collapse" data-bs-target="#main-navbar"&gt;
E           &lt;span class="navbar-toggler-icon"&gt;&lt;/span&gt;
E         &lt;/button&gt;
E         &lt;div class="collapse navbar-collapse" id="main-navbar" style&gt;
E   
E           
E   
E           &lt;ul class="nav navbar-nav me-auto"&gt;
E   
E             &lt;li class="nav-item"&gt;
E               &lt;a class="nav-link" href="/" title="home page"&gt;
E                 &lt;span class="fa fa-home"&gt;&lt;/span&gt;
E                 &lt;span&gt;Home&lt;/span&gt;
E               &lt;/a&gt;
E             &lt;/li&gt;
E   
E             &lt;li class="nav-item"&gt;
E               &lt;a class="nav-link active" href="/owners/find" title="find owners"&gt;
E                 &lt;span class="fa fa-search"&gt;&lt;/span&gt;
E                 &lt;span&gt;Find Owners&lt;/span&gt;
E               &lt;/a&gt;
E             &lt;/li&gt;
E   
E             &lt;li class="nav-item"&gt;
E               &lt;a class="nav-link" href="/vets.html" title="veterinarians"&gt;
E                 &lt;span class="fa fa-th-list"&gt;&lt;/span&gt;
E                 &lt;span&gt;Veterinarians&lt;/span&gt;
E               &lt;/a&gt;
E             &lt;/li&gt;
E   
E             &lt;li class="nav-item"&gt;
E               &lt;a class="nav-link" href="/oups" title="trigger a RuntimeException to see how it is handled"&gt;
E                 &lt;span class="fa fa-exclamation-triangle"&gt;&lt;/span&gt;
E                 &lt;span&gt;Error&lt;/span&gt;
E           
E   ------------------------------------------------------------</failure></testcase><testcase classname="tests.baseline.generated.api-test.test_owner" name="test_TC_OWNER_005" time="0.031" /><testcase classname="tests.baseline.generated.api-test.test_owner" name="test_TC_OWNER_006" time="0.019"><failure message="AssertionError: HTTP 状态码不匹配: 期望 500, 实际 200&#10;assert 200 == 500&#10; +  where 200 = &lt;Response [200]&gt;.status_code&#10;&#10;------------------------------------------------------------&#10;[完整请求/响应上下文]&#10;  请求: GET http://localhost:8080/owners/new&#10;  响应状态码: 200&#10;  响应体 (非JSON):&#10;&lt;!DOCTYPE html&gt;&#13;&#10;&#13;&#10;&lt;html&gt;&#13;&#10;&#13;&#10;&lt;head&gt;&#13;&#10;&#13;&#10;  &lt;meta http-equiv=&quot;Content-Type&quot; content=&quot;text/html; charset=UTF-8&quot; /&gt;&#13;&#10;  &lt;meta charset=&quot;utf-8&quot;&gt;&#13;&#10;  &lt;meta http-equiv=&quot;X-UA-Compatible&quot; content=&quot;IE=edge&quot;&gt;&#13;&#10;  &lt;meta name=&quot;viewport&quot; content=&quot;width=device-width, initial-scale=1&quot;&gt;&#13;&#10;  &lt;link rel=&quot;shortcut icon&quot; type=&quot;image/x-icon&quot; href=&quot;/resources/images/favicon.png&quot;&gt;&#13;&#10;  &lt;title&gt;PetClinic :: a Spring Framework demonstration&lt;/title&gt;&#13;&#10;  &lt;link href=&quot;/webjars/font-awesome/4.7.0/css/font-awesome.min.css&quot; rel=&quot;stylesheet&quot;&gt;&#13;&#10;  &lt;link rel=&quot;stylesheet&quot; href=&quot;/resources/css/petclinic.css&quot; /&gt;&#13;&#10;&#13;&#10;&lt;/head&gt;&#13;&#10;&#13;&#10;&lt;body&gt;&#13;&#10;&#13;&#10;  &lt;nav class=&quot;navbar navbar-expand-lg navbar-dark&quot; role=&quot;navigation&quot;&gt;&#13;&#10;    &lt;div class=&quot;container-fluid&quot;&gt;&#13;&#10;      &lt;a class=&quot;navbar-brand&quot; href=&quot;/&quot;&gt;&lt;span&gt;&lt;/span&gt;&lt;/a&gt;&#13;&#10;      &lt;button class=&quot;navbar-toggler&quot; type=&quot;button&quot; data-bs-toggle=&quot;collapse&quot; data-bs-target=&quot;#main-navbar&quot;&gt;&#13;&#10;        &lt;span class=&quot;navbar-toggler-icon&quot;&gt;&lt;/span&gt;&#13;&#10;      &lt;/button&gt;&#13;&#10;      &lt;div class=&quot;collapse navbar-collapse&quot; id=&quot;main-navbar&quot; style&gt;&#13;&#10;&#13;&#10;        &#13;&#10;&#13;&#10;        &lt;ul class=&quot;nav navbar-nav me-auto&quot;&gt;&#13;&#10;&#13;&#10;          &lt;li class=&quot;nav-item&quot;&gt;&#13;&#10;            &lt;a class=&quot;nav-link&quot; href=&quot;/&quot; title=&quot;home page&quot;&gt;&#13;&#10;              &lt;span class=&quot;fa fa-home&quot;&gt;&lt;/span&gt;&#13;&#10;              &lt;span&gt;Home&lt;/span&gt;&#13;&#10;            &lt;/a&gt;&#13;&#10;          &lt;/li&gt;&#13;&#10;&#13;&#10;          &lt;li class=&quot;nav-item&quot;&gt;&#13;&#10;            &lt;a class=&quot;nav-link active&quot; href=&quot;/owners/find&quot; title=&quot;find owners&quot;&gt;&#13;&#10;              &lt;span class=&quot;fa fa-search&quot;&gt;&lt;/span&gt;&#13;&#10;              &lt;span&gt;Find Owners&lt;/span&gt;&#13;&#10;            &lt;/a&gt;&#13;&#10;          &lt;/li&gt;&#13;&#10;&#13;&#10;          &lt;li class=&quot;nav-item&quot;&gt;&#13;&#10;            &lt;a class=&quot;nav-link&quot; href=&quot;/vets.html&quot; title=&quot;veterinarians&quot;&gt;&#13;&#10;              &lt;span class=&quot;fa fa-th-list&quot;&gt;&lt;/span&gt;&#13;&#10;              &lt;span&gt;Veterinarians&lt;/span&gt;&#13;&#10;            &lt;/a&gt;&#13;&#10;          &lt;/li&gt;&#13;&#10;&#13;&#10;          &lt;li class=&quot;nav-item&quot;&gt;&#13;&#10;            &lt;a class=&quot;nav-link&quot; href=&quot;/oups&quot; title=&quot;trigger a RuntimeException to see how it is handled&quot;&gt;&#13;&#10;              &lt;span class=&quot;fa fa-exclamation-triangle&quot;&gt;&lt;/span&gt;&#13;&#10;              &lt;span&gt;Error&lt;/span&gt;&#13;&#10;        &#10;------------------------------------------------------------">tests\baseline\generated\api-test\test_owner.py:81: in test_TC_OWNER_006
    resp, data = request_helper.execute(case)
                 ^^^^^^^^^^^^^^^^^^^^^^^^^^^^
tests\baseline\generated\api-test\conftest.py:492: in execute
    return execute_request(
tests\baseline\generated\api-test\conftest.py:440: in execute_request
    raise AssertionError(f"{e}\n{context}") from None
E   AssertionError: HTTP 状态码不匹配: 期望 500, 实际 200
E   assert 200 == 500
E    +  where 200 = &lt;Response [200]&gt;.status_code
E   
E   ------------------------------------------------------------
E   [完整请求/响应上下文]
E     请求: GET http://localhost:8080/owners/new
E     响应状态码: 200
E     响应体 (非JSON):
E   &lt;!DOCTYPE html&gt;
E   
E   &lt;html&gt;
E   
E   &lt;head&gt;
E   
E     &lt;meta http-equiv="Content-Type" content="text/html; charset=UTF-8" /&gt;
E     &lt;meta charset="utf-8"&gt;
E     &lt;meta http-equiv="X-UA-Compatible" content="IE=edge"&gt;
E     &lt;meta name="viewport" content="width=device-width, initial-scale=1"&gt;
E     &lt;link rel="shortcut icon" type="image/x-icon" href="/resources/images/favicon.png"&gt;
E     &lt;title&gt;PetClinic :: a Spring Framework demonstration&lt;/title&gt;
E     &lt;link href="/webjars/font-awesome/4.7.0/css/font-awesome.min.css" rel="stylesheet"&gt;
E     &lt;link rel="stylesheet" href="/resources/css/petclinic.css" /&gt;
E   
E   &lt;/head&gt;
E   
E   &lt;body&gt;
E   
E     &lt;nav class="navbar navbar-expand-lg navbar-dark" role="navigation"&gt;
E       &lt;div class="container-fluid"&gt;
E         &lt;a class="navbar-brand" href="/"&gt;&lt;span&gt;&lt;/span&gt;&lt;/a&gt;
E         &lt;button class="navbar-toggler" type="button" data-bs-toggle="collapse" data-bs-target="#main-navbar"&gt;
E           &lt;span class="navbar-toggler-icon"&gt;&lt;/span&gt;
E         &lt;/button&gt;
E         &lt;div class="collapse navbar-collapse" id="main-navbar" style&gt;
E   
E           
E   
E           &lt;ul class="nav navbar-nav me-auto"&gt;
E   
E             &lt;li class="nav-item"&gt;
E               &lt;a class="nav-link" href="/" title="home page"&gt;
E                 &lt;span class="fa fa-home"&gt;&lt;/span&gt;
E                 &lt;span&gt;Home&lt;/span&gt;
E               &lt;/a&gt;
E             &lt;/li&gt;
E   
E             &lt;li class="nav-item"&gt;
E               &lt;a class="nav-link active" href="/owners/find" title="find owners"&gt;
E                 &lt;span class="fa fa-search"&gt;&lt;/span&gt;
E                 &lt;span&gt;Find Owners&lt;/span&gt;
E               &lt;/a&gt;
E             &lt;/li&gt;
E   
E             &lt;li class="nav-item"&gt;
E               &lt;a class="nav-link" href="/vets.html" title="veterinarians"&gt;
E                 &lt;span class="fa fa-th-list"&gt;&lt;/span&gt;
E                 &lt;span&gt;Veterinarians&lt;/span&gt;
E               &lt;/a&gt;
E             &lt;/li&gt;
E   
E             &lt;li class="nav-item"&gt;
E               &lt;a class="nav-link" href="/oups" title="trigger a RuntimeException to see how it is handled"&gt;
E                 &lt;span class="fa fa-exclamation-triangle"&gt;&lt;/span&gt;
E                 &lt;span&gt;Error&lt;/span&gt;
E           
E   ------------------------------------------------------------</failure></testcase><testcase classname="tests.baseline.generated.api-test.test_owner" name="test_TC_OWNER_007" time="0.040" /><testcase classname="tests.baseline.generated.api-test.test_owner" name="test_TC_OWNER_008" time="0.044" /><testcase classname="tests.baseline.generated.api-test.test_owner" name="test_TC_OWNER_009" time="0.040" /><testcase classname="tests.baseline.generated.api-test.test_owner" name="test_TC_OWNER_010" time="0.023"><failure message="AssertionError: HTTP 状态码不匹配: 期望 200, 实际 500&#10;assert 500 == 200&#10; +  where 500 = &lt;Response [500]&gt;.status_code&#10;&#10;------------------------------------------------------------&#10;[完整请求/响应上下文]&#10;  请求: GET http://localhost:8080/owners/9999&#10;  响应状态码: 500&#10;  响应体:&#10;{&#10;  &quot;timestamp&quot;: &quot;2026-07-10T08:35:01.572Z&quot;,&#10;  &quot;status&quot;: 500,&#10;  &quot;error&quot;: &quot;Internal Server Error&quot;,&#10;  &quot;trace&quot;: &quot;java.lang.IllegalArgumentException: Owner not found with id: 9999. Please ensure the ID is correct and the owner exists in the database.\r\n\tat org.springframework.samples.petclinic.owner.OwnerController.lambda$findOwner$0(OwnerController.java:68)\r\n\tat java.base/java.util.Optional.orElseThrow(Optional.java:403)\r\n\tat org.springframework.samples.petclinic.owner.OwnerController.findOwner(OwnerController.java:68)\r\n\tat java.base/jdk.internal.reflect.DirectMethodHandleAccessor.invoke(DirectMethodHandleAccessor.java:103)\r\n\tat java.base/java.lang.reflect.Method.invoke(Method.java:580)\r\n\tat org.springframework.web.method.support.InvocableHandlerMethod.doInvoke(InvocableHandlerMethod.java:252)\r\n\tat org.springframework.web.method.support.InvocableHandlerMethod.invokeForRequest(InvocableHandlerMethod.java:184)\r\n\tat org.springframework.web.method.annotation.ModelFactory.invokeModelAttributeMethods(ModelFactory.java:142)\r\n\tat org.springframework.web.method.annotation.ModelFactory.initModel(ModelFactory.java:111)\r\n\tat org.springframework.web.servlet.mvc.method.annotation.RequestMappingHandlerAdapter.invokeHandlerMethod(RequestMappingHandlerAdapter.java:919)\r\n\tat org.springframework.web.servlet.mvc.method.annotation.RequestMappingHandlerAdapter.handleInternal(RequestMappingHandlerAdapter.java:853)\r\n\tat org.springframework.web.servlet.mvc.method.AbstractHandlerMethodAdapter.handle(AbstractHandlerMethodAdapter.java:86)\r\n\tat org.springframework.web.servlet.DispatcherServlet.doDispatch(DispatcherServlet.java:963)\r\n\tat org.springframework.web.servlet.DispatcherServlet.doService(DispatcherServlet.java:866)\r\n\tat org.springframework.web.servlet.FrameworkServlet.processRequest(FrameworkServlet.java:1000)\r\n\tat org.springframework.web.servlet.FrameworkServlet.doGet(FrameworkServlet.java:892)\r\n\tat jakarta.servlet.http.HttpServlet.service(HttpServlet.java:622)\r\n\tat org.springframework.web.servlet.FrameworkServlet.service(FrameworkServlet.java:874)\r\n\tat jakarta.servlet.http.HttpServlet.service(HttpServlet.java:710)\r\n\tat org.apache.catalina.core.ApplicationFilterChain.doFilter(ApplicationFilterChain.java:128)\r\n\tat org.apache.tomcat.websocket.server.WsFilter.doFilter(WsFilter.java:53)\r\n\tat org.apache.catalina.core.ApplicationFilterChain.doFilter(ApplicationFilterChain.java:107)\r\n\tat org.springframework.web.servlet.resource.ResourceUrlEncodingFilter.doFilter(ResourceUrlEncodingFilter.java:66)\r\n\tat org.apache.catalina.core.ApplicationFilterChain.doFilter(ApplicationFilterChain.java:107)\r\n\tat org.springframework.web.filter.RequestContextFilter.doFilterInternal(RequestContextFilter.java:100)\r\n\tat org.springframework.web.filter.OncePerRequestFilter.doFilter(OncePerRequestFilter.java:116)\r\n\tat org.apache.catalina.core.ApplicationFilterChain.doFilter(ApplicationFilterChain.java:107)\r\n\tat org.springframework.web.filter.FormContentFilter.doFilterInternal(FormContentFilter.java:93)\r\n\tat org.springframework.web.filter.OncePerRequestFilter.doFilter(OncePerRequestFilter.java:116)\r\n\tat org.apache.catalina.core.ApplicationFilterChain.doFilter(ApplicationFilterChain.java:107)\r\n\tat org.springframework.web.filter.ServerHttpObservationFilter.doFilterInternal(ServerHttpObservationFilter.java:110)\r\n\tat org.springframework.web.filter.OncePerRequestFilter.doFilter(OncePerRequestFilter.java:116)\r\n\tat org.apache.catalina.core.ApplicationFilterChain.doFilter(ApplicationFilterChain.java:107)\r\n\tat org.springframework.web.filter.CharacterEncodingFilter.doFilterInternal(CharacterEncodingFilter.java:199)\r\n\tat org.springframework.web.filter.OncePerRequestFilter.doFilter(OncePerRequestFilter.java:116)\r\n\tat org.apache.catalina.core.ApplicationFilterChain.doFilter(ApplicationFilterChain.java:107)\r\n\tat org.apache.catalina.core.StandardWrapperValve.invoke(StandardWrapperValve.java:165)\r\n\tat org.apache.catalina.core.StandardContextValve.invoke(StandardContextValve.java:77)\r\n\tat org.apache.catalina.authenticator.AuthenticatorBase.invoke(AuthenticatorBase.java:492)\r\n\tat org.apache.catalina.core.StandardHostValve.invoke(StandardHostValve.java:113)\r\n\tat org.apache.catalina.valves.ErrorReportValve.invoke(ErrorReportValve.java:83)\r\n\tat org.apache.catalina.core.StandardEngineValve.invoke(StandardEngineValve.java:72)\r\n\tat org.apache.catalina.connector.CoyoteAdapter.service(CoyoteAdapter.java:341)\r\n\tat org.apache.coyote.http11.Http11Processor.service(Http11Processor.java:397)\r\n\tat org.apache.coyote.AbstractProcessorLight.process(AbstractProcessorLight.java:63)\r\n\tat org.apache.coyote.AbstractProtocol$ConnectionHandler.process(AbstractProtocol.java:1272)\r\n\tat org.apache.tomcat.util.net.NioEndpoint$SocketProcessor.doRun(NioEndpoint.java:1801)\r\n\tat org.apache.tomcat.util.net.SocketProcessorBase.run(SocketProcessorBase.java:52)\r\n\tat org.apache.tomcat.util.threads.ThreadPoolExecutor.runWorker(ThreadPoolExecutor.java:946)\r\n\tat org.apache.tomcat.util.threads.ThreadPoolExecutor$Worker.run(ThreadPoolExecutor.java:480)\r\n\tat org.apache.tomcat.util.threads.TaskThread$WrappingRunnable.run(TaskThread.java:57)\r\n\tat java.base/java.lang.Thread.run(Thread.java:1583)\r\n&quot;,&#10;  &quot;message&quot;: &quot;Owner not found with id: 9999. Please ensure the ID is correct and the owner exists in the database.&quot;,&#10;  &quot;path&quot;: &quot;/owners/9999&quot;&#10;}&#10;------------------------------------------------------------">tests\baseline\generated\api-test\test_owner.py:109: in test_TC_OWNER_010
    resp, data = request_helper.execute(case)
                 ^^^^^^^^^^^^^^^^^^^^^^^^^^^^
tests\baseline\generated\api-test\conftest.py:492: in execute
    return execute_request(
tests\baseline\generated\api-test\conftest.py:440: in execute_request
    raise AssertionError(f"{e}\n{context}") from None
E   AssertionError: HTTP 状态码不匹配: 期望 200, 实际 500
E   assert 500 == 200
E    +  where 500 = &lt;Response [500]&gt;.status_code
E   
E   ------------------------------------------------------------
E   [完整请求/响应上下文]
E     请求: GET http://localhost:8080/owners/9999
E     响应状态码: 500
E     响应体:
E   {
E     "timestamp": "2026-07-10T08:35:01.572Z",
E     "status": 500,
E     "error": "Internal Server Error",
E     "trace": "java.lang.IllegalArgumentException: Owner not found with id: 9999. Please ensure the ID is correct and the owner exists in the database.\r\n\tat org.springframework.samples.petclinic.owner.OwnerController.lambda$findOwner$0(OwnerController.java:68)\r\n\tat java.base/java.util.Optional.orElseThrow(Optional.java:403)\r\n\tat org.springframework.samples.petclinic.owner.OwnerController.findOwner(OwnerController.java:68)\r\n\tat java.base/jdk.internal.reflect.DirectMethodHandleAccessor.invoke(DirectMethodHandleAccessor.java:103)\r\n\tat java.base/java.lang.reflect.Method.invoke(Method.java:580)\r\n\tat org.springframework.web.method.support.InvocableHandlerMethod.doInvoke(InvocableHandlerMethod.java:252)\r\n\tat org.springframework.web.method.support.InvocableHandlerMethod.invokeForRequest(InvocableHandlerMethod.java:184)\r\n\tat org.springframework.web.method.annotation.ModelFactory.invokeModelAttributeMethods(ModelFactory.java:142)\r\n\tat org.springframework.web.method.annotation.ModelFactory.initModel(ModelFactory.java:111)\r\n\tat org.springframework.web.servlet.mvc.method.annotation.RequestMappingHandlerAdapter.invokeHandlerMethod(RequestMappingHandlerAdapter.java:919)\r\n\tat org.springframework.web.servlet.mvc.method.annotation.RequestMappingHandlerAdapter.handleInternal(RequestMappingHandlerAdapter.java:853)\r\n\tat org.springframework.web.servlet.mvc.method.AbstractHandlerMethodAdapter.handle(AbstractHandlerMethodAdapter.java:86)\r\n\tat org.springframework.web.servlet.DispatcherServlet.doDispatch(DispatcherServlet.java:963)\r\n\tat org.springframework.web.servlet.DispatcherServlet.doService(DispatcherServlet.java:866)\r\n\tat org.springframework.web.servlet.FrameworkServlet.processRequest(FrameworkServlet.java:1000)\r\n\tat org.springframework.web.servlet.FrameworkServlet.doGet(FrameworkServlet.java:892)\r\n\tat jakarta.servlet.http.HttpServlet.service(HttpServlet.java:622)\r\n\tat org.springframework.web.servlet.FrameworkServlet.service(FrameworkServlet.java:874)\r\n\tat jakarta.servlet.http.HttpServlet.service(HttpServlet.java:710)\r\n\tat org.apache.catalina.core.ApplicationFilterChain.doFilter(ApplicationFilterChain.java:128)\r\n\tat org.apache.tomcat.websocket.server.WsFilter.doFilter(WsFilter.java:53)\r\n\tat org.apache.catalina.core.ApplicationFilterChain.doFilter(ApplicationFilterChain.java:107)\r\n\tat org.springframework.web.servlet.resource.ResourceUrlEncodingFilter.doFilter(ResourceUrlEncodingFilter.java:66)\r\n\tat org.apache.catalina.core.ApplicationFilterChain.doFilter(ApplicationFilterChain.java:107)\r\n\tat org.springframework.web.filter.RequestContextFilter.doFilterInternal(RequestContextFilter.java:100)\r\n\tat org.springframework.web.filter.OncePerRequestFilter.doFilter(OncePerRequestFilter.java:116)\r\n\tat org.apache.catalina.core.ApplicationFilterChain.doFilter(ApplicationFilterChain.java:107)\r\n\tat org.springframework.web.filter.FormContentFilter.doFilterInternal(FormContentFilter.java:93)\r\n\tat org.springframework.web.filter.OncePerRequestFilter.doFilter(OncePerRequestFilter.java:116)\r\n\tat org.apache.catalina.core.ApplicationFilterChain.doFilter(ApplicationFilterChain.java:107)\r\n\tat org.springframework.web.filter.ServerHttpObservationFilter.doFilterInternal(ServerHttpObservationFilter.java:110)\r\n\tat org.springframework.web.filter.OncePerRequestFilter.doFilter(OncePerRequestFilter.java:116)\r\n\tat org.apache.catalina.core.ApplicationFilterChain.doFilter(ApplicationFilterChain.java:107)\r\n\tat org.springframework.web.filter.CharacterEncodingFilter.doFilterInternal(CharacterEncodingFilter.java:199)\r\n\tat org.springframework.web.filter.OncePerRequestFilter.doFilter(OncePerRequestFilter.java:116)\r\n\tat org.apache.catalina.core.ApplicationFilterChain.doFilter(ApplicationFilterChain.java:107)\r\n\tat org.apache.catalina.core.StandardWrapperValve.invoke(StandardWrapperValve.java:165)\r\n\tat org.apache.catalina.core.StandardContextValve.invoke(StandardContextValve.java:77)\r\n\tat org.apache.catalina.authenticator.AuthenticatorBase.invoke(AuthenticatorBase.java:492)\r\n\tat org.apache.catalina.core.StandardHostValve.invoke(StandardHostValve.java:113)\r\n\tat org.apache.catalina.valves.ErrorReportValve.invoke(ErrorReportValve.java:83)\r\n\tat org.apache.catalina.core.StandardEngineValve.invoke(StandardEngineValve.java:72)\r\n\tat org.apache.catalina.connector.CoyoteAdapter.service(CoyoteAdapter.java:341)\r\n\tat org.apache.coyote.http11.Http11Processor.service(Http11Processor.java:397)\r\n\tat org.apache.coyote.AbstractProcessorLight.process(AbstractProcessorLight.java:63)\r\n\tat org.apache.coyote.AbstractProtocol$ConnectionHandler.process(AbstractProtocol.java:1272)\r\n\tat org.apache.tomcat.util.net.NioEndpoint$SocketProcessor.doRun(NioEndpoint.java:1801)\r\n\tat org.apache.tomcat.util.net.SocketProcessorBase.run(SocketProcessorBase.java:52)\r\n\tat org.apache.tomcat.util.threads.ThreadPoolExecutor.runWorker(ThreadPoolExecutor.java:946)\r\n\tat org.apache.tomcat.util.threads.ThreadPoolExecutor$Worker.run(ThreadPoolExecutor.java:480)\r\n\tat org.apache.tomcat.util.threads.TaskThread$WrappingRunnable.run(TaskThread.java:57)\r\n\tat java.base/java.lang.Thread.run(Thread.java:1583)\r\n",
E     "message": "Owner not found with id: 9999. Please ensure the ID is correct and the owner exists in the database.",
E     "path": "/owners/9999"
E   }
E   ------------------------------------------------------------</failure></testcase><testcase classname="tests.baseline.generated.api-test.test_owner" name="test_TC_OWNER_011" time="0.043" /><testcase classname="tests.baseline.generated.api-test.test_owner" name="test_TC_OWNER_012" time="0.029"><failure message="AssertionError: HTTP 状态码不匹配: 期望 200, 实际 500&#10;assert 500 == 200&#10; +  where 500 = &lt;Response [500]&gt;.status_code&#10;&#10;------------------------------------------------------------&#10;[完整请求/响应上下文]&#10;  请求: GET http://localhost:8080/owners/9999/edit&#10;  响应状态码: 500&#10;  响应体:&#10;{&#10;  &quot;timestamp&quot;: &quot;2026-07-10T08:35:01.654Z&quot;,&#10;  &quot;status&quot;: 500,&#10;  &quot;error&quot;: &quot;Internal Server Error&quot;,&#10;  &quot;trace&quot;: &quot;java.lang.IllegalArgumentException: Owner not found with id: 9999. Please ensure the ID is correct and the owner exists in the database.\r\n\tat org.springframework.samples.petclinic.owner.OwnerController.lambda$findOwner$0(OwnerController.java:68)\r\n\tat java.base/java.util.Optional.orElseThrow(Optional.java:403)\r\n\tat org.springframework.samples.petclinic.owner.OwnerController.findOwner(OwnerController.java:68)\r\n\tat java.base/jdk.internal.reflect.DirectMethodHandleAccessor.invoke(DirectMethodHandleAccessor.java:103)\r\n\tat java.base/java.lang.reflect.Method.invoke(Method.java:580)\r\n\tat org.springframework.web.method.support.InvocableHandlerMethod.doInvoke(InvocableHandlerMethod.java:252)\r\n\tat org.springframework.web.method.support.InvocableHandlerMethod.invokeForRequest(InvocableHandlerMethod.java:184)\r\n\tat org.springframework.web.method.annotation.ModelFactory.invokeModelAttributeMethods(ModelFactory.java:142)\r\n\tat org.springframework.web.method.annotation.ModelFactory.initModel(ModelFactory.java:111)\r\n\tat org.springframework.web.servlet.mvc.method.annotation.RequestMappingHandlerAdapter.invokeHandlerMethod(RequestMappingHandlerAdapter.java:919)\r\n\tat org.springframework.web.servlet.mvc.method.annotation.RequestMappingHandlerAdapter.handleInternal(RequestMappingHandlerAdapter.java:853)\r\n\tat org.springframework.web.servlet.mvc.method.AbstractHandlerMethodAdapter.handle(AbstractHandlerMethodAdapter.java:86)\r\n\tat org.springframework.web.servlet.DispatcherServlet.doDispatch(DispatcherServlet.java:963)\r\n\tat org.springframework.web.servlet.DispatcherServlet.doService(DispatcherServlet.java:866)\r\n\tat org.springframework.web.servlet.FrameworkServlet.processRequest(FrameworkServlet.java:1000)\r\n\tat org.springframework.web.servlet.FrameworkServlet.doGet(FrameworkServlet.java:892)\r\n\tat jakarta.servlet.http.HttpServlet.service(HttpServlet.java:622)\r\n\tat org.springframework.web.servlet.FrameworkServlet.service(FrameworkServlet.java:874)\r\n\tat jakarta.servlet.http.HttpServlet.service(HttpServlet.java:710)\r\n\tat org.apache.catalina.core.ApplicationFilterChain.doFilter(ApplicationFilterChain.java:128)\r\n\tat org.apache.tomcat.websocket.server.WsFilter.doFilter(WsFilter.java:53)\r\n\tat org.apache.catalina.core.ApplicationFilterChain.doFilter(ApplicationFilterChain.java:107)\r\n\tat org.springframework.web.servlet.resource.ResourceUrlEncodingFilter.doFilter(ResourceUrlEncodingFilter.java:66)\r\n\tat org.apache.catalina.core.ApplicationFilterChain.doFilter(ApplicationFilterChain.java:107)\r\n\tat org.springframework.web.filter.RequestContextFilter.doFilterInternal(RequestContextFilter.java:100)\r\n\tat org.springframework.web.filter.OncePerRequestFilter.doFilter(OncePerRequestFilter.java:116)\r\n\tat org.apache.catalina.core.ApplicationFilterChain.doFilter(ApplicationFilterChain.java:107)\r\n\tat org.springframework.web.filter.FormContentFilter.doFilterInternal(FormContentFilter.java:93)\r\n\tat org.springframework.web.filter.OncePerRequestFilter.doFilter(OncePerRequestFilter.java:116)\r\n\tat org.apache.catalina.core.ApplicationFilterChain.doFilter(ApplicationFilterChain.java:107)\r\n\tat org.springframework.web.filter.ServerHttpObservationFilter.doFilterInternal(ServerHttpObservationFilter.java:110)\r\n\tat org.springframework.web.filter.OncePerRequestFilter.doFilter(OncePerRequestFilter.java:116)\r\n\tat org.apache.catalina.core.ApplicationFilterChain.doFilter(ApplicationFilterChain.java:107)\r\n\tat org.springframework.web.filter.CharacterEncodingFilter.doFilterInternal(CharacterEncodingFilter.java:199)\r\n\tat org.springframework.web.filter.OncePerRequestFilter.doFilter(OncePerRequestFilter.java:116)\r\n\tat org.apache.catalina.core.ApplicationFilterChain.doFilter(ApplicationFilterChain.java:107)\r\n\tat org.apache.catalina.core.StandardWrapperValve.invoke(StandardWrapperValve.java:165)\r\n\tat org.apache.catalina.core.StandardContextValve.invoke(StandardContextValve.java:77)\r\n\tat org.apache.catalina.authenticator.AuthenticatorBase.invoke(AuthenticatorBase.java:492)\r\n\tat org.apache.catalina.core.StandardHostValve.invoke(StandardHostValve.java:113)\r\n\tat org.apache.catalina.valves.ErrorReportValve.invoke(ErrorReportValve.java:83)\r\n\tat org.apache.catalina.core.StandardEngineValve.invoke(StandardEngineValve.java:72)\r\n\tat org.apache.catalina.connector.CoyoteAdapter.service(CoyoteAdapter.java:341)\r\n\tat org.apache.coyote.http11.Http11Processor.service(Http11Processor.java:397)\r\n\tat org.apache.coyote.AbstractProcessorLight.process(AbstractProcessorLight.java:63)\r\n\tat org.apache.coyote.AbstractProtocol$ConnectionHandler.process(AbstractProtocol.java:1272)\r\n\tat org.apache.tomcat.util.net.NioEndpoint$SocketProcessor.doRun(NioEndpoint.java:1801)\r\n\tat org.apache.tomcat.util.net.SocketProcessorBase.run(SocketProcessorBase.java:52)\r\n\tat org.apache.tomcat.util.threads.ThreadPoolExecutor.runWorker(ThreadPoolExecutor.java:946)\r\n\tat org.apache.tomcat.util.threads.ThreadPoolExecutor$Worker.run(ThreadPoolExecutor.java:480)\r\n\tat org.apache.tomcat.util.threads.TaskThread$WrappingRunnable.run(TaskThread.java:57)\r\n\tat java.base/java.lang.Thread.run(Thread.java:1583)\r\n&quot;,&#10;  &quot;message&quot;: &quot;Owner not found with id: 9999. Please ensure the ID is correct and the owner exists in the database.&quot;,&#10;  &quot;path&quot;: &quot;/owners/9999/edit&quot;&#10;}&#10;------------------------------------------------------------">tests\baseline\generated\api-test\test_owner.py:123: in test_TC_OWNER_012
    resp, data = request_helper.execute(case)
                 ^^^^^^^^^^^^^^^^^^^^^^^^^^^^
tests\baseline\generated\api-test\conftest.py:492: in execute
    return execute_request(
tests\baseline\generated\api-test\conftest.py:440: in execute_request
    raise AssertionError(f"{e}\n{context}") from None
E   AssertionError: HTTP 状态码不匹配: 期望 200, 实际 500
E   assert 500 == 200
E    +  where 500 = &lt;Response [500]&gt;.status_code
E   
E   ------------------------------------------------------------
E   [完整请求/响应上下文]
E     请求: GET http://localhost:8080/owners/9999/edit
E     响应状态码: 500
E     响应体:
E   {
E     "timestamp": "2026-07-10T08:35:01.654Z",
E     "status": 500,
E     "error": "Internal Server Error",
E     "trace": "java.lang.IllegalArgumentException: Owner not found with id: 9999. Please ensure the ID is correct and the owner exists in the database.\r\n\tat org.springframework.samples.petclinic.owner.OwnerController.lambda$findOwner$0(OwnerController.java:68)\r\n\tat java.base/java.util.Optional.orElseThrow(Optional.java:403)\r\n\tat org.springframework.samples.petclinic.owner.OwnerController.findOwner(OwnerController.java:68)\r\n\tat java.base/jdk.internal.reflect.DirectMethodHandleAccessor.invoke(DirectMethodHandleAccessor.java:103)\r\n\tat java.base/java.lang.reflect.Method.invoke(Method.java:580)\r\n\tat org.springframework.web.method.support.InvocableHandlerMethod.doInvoke(InvocableHandlerMethod.java:252)\r\n\tat org.springframework.web.method.support.InvocableHandlerMethod.invokeForRequest(InvocableHandlerMethod.java:184)\r\n\tat org.springframework.web.method.annotation.ModelFactory.invokeModelAttributeMethods(ModelFactory.java:142)\r\n\tat org.springframework.web.method.annotation.ModelFactory.initModel(ModelFactory.java:111)\r\n\tat org.springframework.web.servlet.mvc.method.annotation.RequestMappingHandlerAdapter.invokeHandlerMethod(RequestMappingHandlerAdapter.java:919)\r\n\tat org.springframework.web.servlet.mvc.method.annotation.RequestMappingHandlerAdapter.handleInternal(RequestMappingHandlerAdapter.java:853)\r\n\tat org.springframework.web.servlet.mvc.method.AbstractHandlerMethodAdapter.handle(AbstractHandlerMethodAdapter.java:86)\r\n\tat org.springframework.web.servlet.DispatcherServlet.doDispatch(DispatcherServlet.java:963)\r\n\tat org.springframework.web.servlet.DispatcherServlet.doService(DispatcherServlet.java:866)\r\n\tat org.springframework.web.servlet.FrameworkServlet.processRequest(FrameworkServlet.java:1000)\r\n\tat org.springframework.web.servlet.FrameworkServlet.doGet(FrameworkServlet.java:892)\r\n\tat jakarta.servlet.http.HttpServlet.service(HttpServlet.java:622)\r\n\tat org.springframework.web.servlet.FrameworkServlet.service(FrameworkServlet.java:874)\r\n\tat jakarta.servlet.http.HttpServlet.service(HttpServlet.java:710)\r\n\tat org.apache.catalina.core.ApplicationFilterChain.doFilter(ApplicationFilterChain.java:128)\r\n\tat org.apache.tomcat.websocket.server.WsFilter.doFilter(WsFilter.java:53)\r\n\tat org.apache.catalina.core.ApplicationFilterChain.doFilter(ApplicationFilterChain.java:107)\r\n\tat org.springframework.web.servlet.resource.ResourceUrlEncodingFilter.doFilter(ResourceUrlEncodingFilter.java:66)\r\n\tat org.apache.catalina.core.ApplicationFilterChain.doFilter(ApplicationFilterChain.java:107)\r\n\tat org.springframework.web.filter.RequestContextFilter.doFilterInternal(RequestContextFilter.java:100)\r\n\tat org.springframework.web.filter.OncePerRequestFilter.doFilter(OncePerRequestFilter.java:116)\r\n\tat org.apache.catalina.core.ApplicationFilterChain.doFilter(ApplicationFilterChain.java:107)\r\n\tat org.springframework.web.filter.FormContentFilter.doFilterInternal(FormContentFilter.java:93)\r\n\tat org.springframework.web.filter.OncePerRequestFilter.doFilter(OncePerRequestFilter.java:116)\r\n\tat org.apache.catalina.core.ApplicationFilterChain.doFilter(ApplicationFilterChain.java:107)\r\n\tat org.springframework.web.filter.ServerHttpObservationFilter.doFilterInternal(ServerHttpObservationFilter.java:110)\r\n\tat org.springframework.web.filter.OncePerRequestFilter.doFilter(OncePerRequestFilter.java:116)\r\n\tat org.apache.catalina.core.ApplicationFilterChain.doFilter(ApplicationFilterChain.java:107)\r\n\tat org.springframework.web.filter.CharacterEncodingFilter.doFilterInternal(CharacterEncodingFilter.java:199)\r\n\tat org.springframework.web.filter.OncePerRequestFilter.doFilter(OncePerRequestFilter.java:116)\r\n\tat org.apache.catalina.core.ApplicationFilterChain.doFilter(ApplicationFilterChain.java:107)\r\n\tat org.apache.catalina.core.StandardWrapperValve.invoke(StandardWrapperValve.java:165)\r\n\tat org.apache.catalina.core.StandardContextValve.invoke(StandardContextValve.java:77)\r\n\tat org.apache.catalina.authenticator.AuthenticatorBase.invoke(AuthenticatorBase.java:492)\r\n\tat org.apache.catalina.core.StandardHostValve.invoke(StandardHostValve.java:113)\r\n\tat org.apache.catalina.valves.ErrorReportValve.invoke(ErrorReportValve.java:83)\r\n\tat org.apache.catalina.core.StandardEngineValve.invoke(StandardEngineValve.java:72)\r\n\tat org.apache.catalina.connector.CoyoteAdapter.service(CoyoteAdapter.java:341)\r\n\tat org.apache.coyote.http11.Http11Processor.service(Http11Processor.java:397)\r\n\tat org.apache.coyote.AbstractProcessorLight.process(AbstractProcessorLight.java:63)\r\n\tat org.apache.coyote.AbstractProtocol$ConnectionHandler.process(AbstractProtocol.java:1272)\r\n\tat org.apache.tomcat.util.net.NioEndpoint$SocketProcessor.doRun(NioEndpoint.java:1801)\r\n\tat org.apache.tomcat.util.net.SocketProcessorBase.run(SocketProcessorBase.java:52)\r\n\tat org.apache.tomcat.util.threads.ThreadPoolExecutor.runWorker(ThreadPoolExecutor.java:946)\r\n\tat org.apache.tomcat.util.threads.ThreadPoolExecutor$Worker.run(ThreadPoolExecutor.java:480)\r\n\tat org.apache.tomcat.util.threads.TaskThread$WrappingRunnable.run(TaskThread.java:57)\r\n\tat java.base/java.lang.Thread.run(Thread.java:1583)\r\n",
E     "message": "Owner not found with id: 9999. Please ensure the ID is correct and the owner exists in the database.",
E     "path": "/owners/9999/edit"
E   }
E   ------------------------------------------------------------</failure></testcase><testcase classname="tests.baseline.generated.api-test.test_owner" name="test_TC_OWNER_013" time="0.068" /><testcase classname="tests.baseline.generated.api-test.test_owner" name="test_TC_OWNER_014" time="0.043" /><testcase classname="tests.baseline.generated.api-test.test_owner" name="test_TC_OWNER_015" time="0.049" /><testcase classname="tests.baseline.generated.api-test.test_owner" name="test_TC_OWNER_016" time="0.030"><failure message="AssertionError: HTTP 状态码不匹配: 期望 200, 实际 500&#10;assert 500 == 200&#10; +  where 500 = &lt;Response [500]&gt;.status_code&#10;&#10;------------------------------------------------------------&#10;[完整请求/响应上下文]&#10;  请求: GET http://localhost:8080/owners/9999/pets/new&#10;  响应状态码: 500&#10;  响应体:&#10;{&#10;  &quot;timestamp&quot;: &quot;2026-07-10T08:35:01.856Z&quot;,&#10;  &quot;status&quot;: 500,&#10;  &quot;error&quot;: &quot;Internal Server Error&quot;,&#10;  &quot;trace&quot;: &quot;java.lang.IllegalArgumentException: Owner not found with id: 9999. Please ensure the ID is correct \r\n\tat org.springframework.samples.petclinic.owner.PetController.lambda$findOwner$0(PetController.java:69)\r\n\tat java.base/java.util.Optional.orElseThrow(Optional.java:403)\r\n\tat org.springframework.samples.petclinic.owner.PetController.findOwner(PetController.java:69)\r\n\tat java.base/jdk.internal.reflect.DirectMethodHandleAccessor.invoke(DirectMethodHandleAccessor.java:103)\r\n\tat java.base/java.lang.reflect.Method.invoke(Method.java:580)\r\n\tat org.springframework.web.method.support.InvocableHandlerMethod.doInvoke(InvocableHandlerMethod.java:252)\r\n\tat org.springframework.web.method.support.InvocableHandlerMethod.invokeForRequest(InvocableHandlerMethod.java:184)\r\n\tat org.springframework.web.method.annotation.ModelFactory.invokeModelAttributeMethods(ModelFactory.java:142)\r\n\tat org.springframework.web.method.annotation.ModelFactory.initModel(ModelFactory.java:111)\r\n\tat org.springframework.web.servlet.mvc.method.annotation.RequestMappingHandlerAdapter.invokeHandlerMethod(RequestMappingHandlerAdapter.java:919)\r\n\tat org.springframework.web.servlet.mvc.method.annotation.RequestMappingHandlerAdapter.handleInternal(RequestMappingHandlerAdapter.java:853)\r\n\tat org.springframework.web.servlet.mvc.method.AbstractHandlerMethodAdapter.handle(AbstractHandlerMethodAdapter.java:86)\r\n\tat org.springframework.web.servlet.DispatcherServlet.doDispatch(DispatcherServlet.java:963)\r\n\tat org.springframework.web.servlet.DispatcherServlet.doService(DispatcherServlet.java:866)\r\n\tat org.springframework.web.servlet.FrameworkServlet.processRequest(FrameworkServlet.java:1000)\r\n\tat org.springframework.web.servlet.FrameworkServlet.doGet(FrameworkServlet.java:892)\r\n\tat jakarta.servlet.http.HttpServlet.service(HttpServlet.java:622)\r\n\tat org.springframework.web.servlet.FrameworkServlet.service(FrameworkServlet.java:874)\r\n\tat jakarta.servlet.http.HttpServlet.service(HttpServlet.java:710)\r\n\tat org.apache.catalina.core.ApplicationFilterChain.doFilter(ApplicationFilterChain.java:128)\r\n\tat org.apache.tomcat.websocket.server.WsFilter.doFilter(WsFilter.java:53)\r\n\tat org.apache.catalina.core.ApplicationFilterChain.doFilter(ApplicationFilterChain.java:107)\r\n\tat org.springframework.web.servlet.resource.ResourceUrlEncodingFilter.doFilter(ResourceUrlEncodingFilter.java:66)\r\n\tat org.apache.catalina.core.ApplicationFilterChain.doFilter(ApplicationFilterChain.java:107)\r\n\tat org.springframework.web.filter.RequestContextFilter.doFilterInternal(RequestContextFilter.java:100)\r\n\tat org.springframework.web.filter.OncePerRequestFilter.doFilter(OncePerRequestFilter.java:116)\r\n\tat org.apache.catalina.core.ApplicationFilterChain.doFilter(ApplicationFilterChain.java:107)\r\n\tat org.springframework.web.filter.FormContentFilter.doFilterInternal(FormContentFilter.java:93)\r\n\tat org.springframework.web.filter.OncePerRequestFilter.doFilter(OncePerRequestFilter.java:116)\r\n\tat org.apache.catalina.core.ApplicationFilterChain.doFilter(ApplicationFilterChain.java:107)\r\n\tat org.springframework.web.filter.ServerHttpObservationFilter.doFilterInternal(ServerHttpObservationFilter.java:110)\r\n\tat org.springframework.web.filter.OncePerRequestFilter.doFilter(OncePerRequestFilter.java:116)\r\n\tat org.apache.catalina.core.ApplicationFilterChain.doFilter(ApplicationFilterChain.java:107)\r\n\tat org.springframework.web.filter.CharacterEncodingFilter.doFilterInternal(CharacterEncodingFilter.java:199)\r\n\tat org.springframework.web.filter.OncePerRequestFilter.doFilter(OncePerRequestFilter.java:116)\r\n\tat org.apache.catalina.core.ApplicationFilterChain.doFilter(ApplicationFilterChain.java:107)\r\n\tat org.apache.catalina.core.StandardWrapperValve.invoke(StandardWrapperValve.java:165)\r\n\tat org.apache.catalina.core.StandardContextValve.invoke(StandardContextValve.java:77)\r\n\tat org.apache.catalina.authenticator.AuthenticatorBase.invoke(AuthenticatorBase.java:492)\r\n\tat org.apache.catalina.core.StandardHostValve.invoke(StandardHostValve.java:113)\r\n\tat org.apache.catalina.valves.ErrorReportValve.invoke(ErrorReportValve.java:83)\r\n\tat org.apache.catalina.core.StandardEngineValve.invoke(StandardEngineValve.java:72)\r\n\tat org.apache.catalina.connector.CoyoteAdapter.service(CoyoteAdapter.java:341)\r\n\tat org.apache.coyote.http11.Http11Processor.service(Http11Processor.java:397)\r\n\tat org.apache.coyote.AbstractProcessorLight.process(AbstractProcessorLight.java:63)\r\n\tat org.apache.coyote.AbstractProtocol$ConnectionHandler.process(AbstractProtocol.java:1272)\r\n\tat org.apache.tomcat.util.net.NioEndpoint$SocketProcessor.doRun(NioEndpoint.java:1801)\r\n\tat org.apache.tomcat.util.net.SocketProcessorBase.run(SocketProcessorBase.java:52)\r\n\tat org.apache.tomcat.util.threads.ThreadPoolExecutor.runWorker(ThreadPoolExecutor.java:946)\r\n\tat org.apache.tomcat.util.threads.ThreadPoolExecutor$Worker.run(ThreadPoolExecutor.java:480)\r\n\tat org.apache.tomcat.util.threads.TaskThread$WrappingRunnable.run(TaskThread.java:57)\r\n\tat java.base/java.lang.Thread.run(Thread.java:1583)\r\n&quot;,&#10;  &quot;message&quot;: &quot;Owner not found with id: 9999. Please ensure the ID is correct &quot;,&#10;  &quot;path&quot;: &quot;/owners/9999/pets/new&quot;&#10;}&#10;------------------------------------------------------------">tests\baseline\generated\api-test\test_owner.py:151: in test_TC_OWNER_016
    resp, data = request_helper.execute(case)
                 ^^^^^^^^^^^^^^^^^^^^^^^^^^^^
tests\baseline\generated\api-test\conftest.py:492: in execute
    return execute_request(
tests\baseline\generated\api-test\conftest.py:440: in execute_request
    raise AssertionError(f"{e}\n{context}") from None
E   AssertionError: HTTP 状态码不匹配: 期望 200, 实际 500
E   assert 500 == 200
E    +  where 500 = &lt;Response [500]&gt;.status_code
E   
E   ------------------------------------------------------------
E   [完整请求/响应上下文]
E     请求: GET http://localhost:8080/owners/9999/pets/new
E     响应状态码: 500
E     响应体:
E   {
E     "timestamp": "2026-07-10T08:35:01.856Z",
E     "status": 500,
E     "error": "Internal Server Error",
E     "trace": "java.lang.IllegalArgumentException: Owner not found with id: 9999. Please ensure the ID is correct \r\n\tat org.springframework.samples.petclinic.owner.PetController.lambda$findOwner$0(PetController.java:69)\r\n\tat java.base/java.util.Optional.orElseThrow(Optional.java:403)\r\n\tat org.springframework.samples.petclinic.owner.PetController.findOwner(PetController.java:69)\r\n\tat java.base/jdk.internal.reflect.DirectMethodHandleAccessor.invoke(DirectMethodHandleAccessor.java:103)\r\n\tat java.base/java.lang.reflect.Method.invoke(Method.java:580)\r\n\tat org.springframework.web.method.support.InvocableHandlerMethod.doInvoke(InvocableHandlerMethod.java:252)\r\n\tat org.springframework.web.method.support.InvocableHandlerMethod.invokeForRequest(InvocableHandlerMethod.java:184)\r\n\tat org.springframework.web.method.annotation.ModelFactory.invokeModelAttributeMethods(ModelFactory.java:142)\r\n\tat org.springframework.web.method.annotation.ModelFactory.initModel(ModelFactory.java:111)\r\n\tat org.springframework.web.servlet.mvc.method.annotation.RequestMappingHandlerAdapter.invokeHandlerMethod(RequestMappingHandlerAdapter.java:919)\r\n\tat org.springframework.web.servlet.mvc.method.annotation.RequestMappingHandlerAdapter.handleInternal(RequestMappingHandlerAdapter.java:853)\r\n\tat org.springframework.web.servlet.mvc.method.AbstractHandlerMethodAdapter.handle(AbstractHandlerMethodAdapter.java:86)\r\n\tat org.springframework.web.servlet.DispatcherServlet.doDispatch(DispatcherServlet.java:963)\r\n\tat org.springframework.web.servlet.DispatcherServlet.doService(DispatcherServlet.java:866)\r\n\tat org.springframework.web.servlet.FrameworkServlet.processRequest(FrameworkServlet.java:1000)\r\n\tat org.springframework.web.servlet.FrameworkServlet.doGet(FrameworkServlet.java:892)\r\n\tat jakarta.servlet.http.HttpServlet.service(HttpServlet.java:622)\r\n\tat org.springframework.web.servlet.FrameworkServlet.service(FrameworkServlet.java:874)\r\n\tat jakarta.servlet.http.HttpServlet.service(HttpServlet.java:710)\r\n\tat org.apache.catalina.core.ApplicationFilterChain.doFilter(ApplicationFilterChain.java:128)\r\n\tat org.apache.tomcat.websocket.server.WsFilter.doFilter(WsFilter.java:53)\r\n\tat org.apache.catalina.core.ApplicationFilterChain.doFilter(ApplicationFilterChain.java:107)\r\n\tat org.springframework.web.servlet.resource.ResourceUrlEncodingFilter.doFilter(ResourceUrlEncodingFilter.java:66)\r\n\tat org.apache.catalina.core.ApplicationFilterChain.doFilter(ApplicationFilterChain.java:107)\r\n\tat org.springframework.web.filter.RequestContextFilter.doFilterInternal(RequestContextFilter.java:100)\r\n\tat org.springframework.web.filter.OncePerRequestFilter.doFilter(OncePerRequestFilter.java:116)\r\n\tat org.apache.catalina.core.ApplicationFilterChain.doFilter(ApplicationFilterChain.java:107)\r\n\tat org.springframework.web.filter.FormContentFilter.doFilterInternal(FormContentFilter.java:93)\r\n\tat org.springframework.web.filter.OncePerRequestFilter.doFilter(OncePerRequestFilter.java:116)\r\n\tat org.apache.catalina.core.ApplicationFilterChain.doFilter(ApplicationFilterChain.java:107)\r\n\tat org.springframework.web.filter.ServerHttpObservationFilter.doFilterInternal(ServerHttpObservationFilter.java:110)\r\n\tat org.springframework.web.filter.OncePerRequestFilter.doFilter(OncePerRequestFilter.java:116)\r\n\tat org.apache.catalina.core.ApplicationFilterChain.doFilter(ApplicationFilterChain.java:107)\r\n\tat org.springframework.web.filter.CharacterEncodingFilter.doFilterInternal(CharacterEncodingFilter.java:199)\r\n\tat org.springframework.web.filter.OncePerRequestFilter.doFilter(OncePerRequestFilter.java:116)\r\n\tat org.apache.catalina.core.ApplicationFilterChain.doFilter(ApplicationFilterChain.java:107)\r\n\tat org.apache.catalina.core.StandardWrapperValve.invoke(StandardWrapperValve.java:165)\r\n\tat org.apache.catalina.core.StandardContextValve.invoke(StandardContextValve.java:77)\r\n\tat org.apache.catalina.authenticator.AuthenticatorBase.invoke(AuthenticatorBase.java:492)\r\n\tat org.apache.catalina.core.StandardHostValve.invoke(StandardHostValve.java:113)\r\n\tat org.apache.catalina.valves.ErrorReportValve.invoke(ErrorReportValve.java:83)\r\n\tat org.apache.catalina.core.StandardEngineValve.invoke(StandardEngineValve.java:72)\r\n\tat org.apache.catalina.connector.CoyoteAdapter.service(CoyoteAdapter.java:341)\r\n\tat org.apache.coyote.http11.Http11Processor.service(Http11Processor.java:397)\r\n\tat org.apache.coyote.AbstractProcessorLight.process(AbstractProcessorLight.java:63)\r\n\tat org.apache.coyote.AbstractProtocol$ConnectionHandler.process(AbstractProtocol.java:1272)\r\n\tat org.apache.tomcat.util.net.NioEndpoint$SocketProcessor.doRun(NioEndpoint.java:1801)\r\n\tat org.apache.tomcat.util.net.SocketProcessorBase.run(SocketProcessorBase.java:52)\r\n\tat org.apache.tomcat.util.threads.ThreadPoolExecutor.runWorker(ThreadPoolExecutor.java:946)\r\n\tat org.apache.tomcat.util.threads.ThreadPoolExecutor$Worker.run(ThreadPoolExecutor.java:480)\r\n\tat org.apache.tomcat.util.threads.TaskThread$WrappingRunnable.run(TaskThread.java:57)\r\n\tat java.base/java.lang.Thread.run(Thread.java:1583)\r\n",
E     "message": "Owner not found with id: 9999. Please ensure the ID is correct ",
E     "path": "/owners/9999/pets/new"
E   }
E   ------------------------------------------------------------</failure></testcase><testcase classname="tests.baseline.generated.api-test.test_owner" name="test_TC_OWNER_017" time="0.058"><failure message="AssertionError: 响应体不包含预期文本: 'Owner Information'&#10;assert 'Owner Information' in '&lt;!DOCTYPE html&gt;\r\n\r\n&lt;html&gt;\r\n\r\n&lt;head&gt;\r\n\r\n  &lt;meta http-equiv=&quot;Content-Type&quot; content=&quot;text/html; charset=UTF-8&quot; /&gt;\r\n  &lt;meta charset=&quot;utf-8&quot;&gt;\r\n  &lt;meta http-equiv=&quot;X-UA-Compatible&quot; content=&quot;IE=edge&quot;&gt;\r\n  &lt;meta name=&quot;viewport&quot; content=&quot;width=device-width, initial-scale=1&quot;&gt;\r\n  &lt;link rel=&quot;shortcut icon&quot; type=&quot;image/x-icon&quot; href=&quot;/resources/images/favicon.png&quot;&gt;\r\n  &lt;title&gt;PetClinic :: a Spring Framework demonstration&lt;/title&gt;\r\n  &lt;link href=&quot;/webjars/font-awesome/4.7.0/css/font-awesome.min.css&quot; rel=&quot;stylesheet&quot;&gt;\r\n  &lt;link rel=&quot;stylesheet&quot; href=&quot;/resources/css/petclinic.css&quot; /&gt;\r\n\r\n&lt;/head&gt;\r\n\r\n&lt;body&gt;\r\n\r\n  &lt;nav class=&quot;navbar navbar-expand-lg navbar-dark&quot; role=&quot;navigation&quot;&gt;\r\n    &lt;div class=&quot;container-fluid&quot;&gt;\r\n      &lt;a class=&quot;navbar-brand&quot; href=&quot;/&quot;&gt;&lt;span&gt;&lt;/span&gt;&lt;/a&gt;\r\n      &lt;button class=&quot;navbar-toggler&quot; type=&quot;button&quot; data-bs-toggle=&quot;collapse&quot; data-bs-target=&quot;#main-navbar&quot;&gt;\r\n        &lt;span class=&quot;navbar-toggler-icon&quot;&gt;&lt;/span&gt;\r\n      &lt;/button&gt;\r\n      &lt;div class=&quot;collapse navbar-collapse&quot; id=&quot;main-navbar&quot; style&gt;\r\n\r\n        \r\n\r\n        &lt;ul class=&quot;nav navbar-nav me-auto&quot;&gt;\r\n\r\n          &lt;li class=&quot;nav-item&quot;&gt;\r\n            &lt;a class=&quot;nav-link&quot; href...m-control-feedback&quot; aria-hidden=&quot;true&quot;&gt;&lt;/span&gt;\r\n            &lt;span class=&quot;help-inline&quot;&gt;Failed to convert property value of type &amp;#39;java.lang.String&amp;#39; to required type &amp;#39;org.springframework.samples.petclinic.owner.PetType&amp;#39; for property &amp;#39;type&amp;#39;; Failed to convert from type [java.lang.String] to type [@jakarta.persistence.ManyToOne @jakarta.persistence.JoinColumn org.springframework.samples.petclinic.owner.PetType] for value [1]&lt;br /&gt;is required&lt;/span&gt;\r\n          \r\n        &lt;/div&gt;\r\n      &lt;/div&gt;\r\n    \r\n    &lt;/div&gt;\r\n    &lt;div class=&quot;form-group&quot;&gt;\r\n      &lt;div class=&quot;col-sm-offset-2 col-sm-10&quot;&gt;\r\n        &lt;button class=&quot;btn btn-primary&quot; type=&quot;submit&quot;&gt;Add Pet&lt;/button&gt;\r\n      &lt;/div&gt;\r\n    &lt;/div&gt;\r\n  &lt;/form&gt;\r\n\r\n&lt;/body&gt;\r\n\r\n      &lt;br /&gt;\r\n      &lt;br /&gt;\r\n      &lt;div class=&quot;container&quot;&gt;\r\n        &lt;div class=&quot;row&quot;&gt;\r\n          &lt;div class=&quot;col-12 text-center&quot;&gt;\r\n            &lt;img src=&quot;/resources/images/spring-logo.svg&quot; alt=&quot;VMware Tanzu Logo&quot; class=&quot;logo&quot;&gt;\r\n          &lt;/div&gt;\r\n        &lt;/div&gt;\r\n      &lt;/div&gt;\r\n    &lt;/div&gt;\r\n  &lt;/div&gt;\r\n\r\n  &lt;script src=&quot;/webjars/bootstrap/5.3.8/dist/js/bootstrap.bundle.min.js&quot;&gt;&lt;/script&gt;\r\n\r\n&lt;/body&gt;\r\n\r\n&lt;/html&gt;'&#10; +  where '&lt;!DOCTYPE html&gt;\r\n\r\n&lt;html&gt;\r\n\r\n&lt;head&gt;\r\n\r\n  &lt;meta http-equiv=&quot;Content-Type&quot; content=&quot;text/html; charset=UTF-8&quot; /&gt;\r\n  &lt;meta charset=&quot;utf-8&quot;&gt;\r\n  &lt;meta http-equiv=&quot;X-UA-Compatible&quot; content=&quot;IE=edge&quot;&gt;\r\n  &lt;meta name=&quot;viewport&quot; content=&quot;width=device-width, initial-scale=1&quot;&gt;\r\n  &lt;link rel=&quot;shortcut icon&quot; type=&quot;image/x-icon&quot; href=&quot;/resources/images/favicon.png&quot;&gt;\r\n  &lt;title&gt;PetClinic :: a Spring Framework demonstration&lt;/title&gt;\r\n  &lt;link href=&quot;/webjars/font-awesome/4.7.0/css/font-awesome.min.css&quot; rel=&quot;stylesheet&quot;&gt;\r\n  &lt;link rel=&quot;stylesheet&quot; href=&quot;/resources/css/petclinic.css&quot; /&gt;\r\n\r\n&lt;/head&gt;\r\n\r\n&lt;body&gt;\r\n\r\n  &lt;nav class=&quot;navbar navbar-expand-lg navbar-dark&quot; role=&quot;navigation&quot;&gt;\r\n    &lt;div class=&quot;container-fluid&quot;&gt;\r\n      &lt;a class=&quot;navbar-brand&quot; href=&quot;/&quot;&gt;&lt;span&gt;&lt;/span&gt;&lt;/a&gt;\r\n      &lt;button class=&quot;navbar-toggler&quot; type=&quot;button&quot; data-bs-toggle=&quot;collapse&quot; data-bs-target=&quot;#main-navbar&quot;&gt;\r\n        &lt;span class=&quot;navbar-toggler-icon&quot;&gt;&lt;/span&gt;\r\n      &lt;/button&gt;\r\n      &lt;div class=&quot;collapse navbar-collapse&quot; id=&quot;main-navbar&quot; style&gt;\r\n\r\n        \r\n\r\n        &lt;ul class=&quot;nav navbar-nav me-auto&quot;&gt;\r\n\r\n          &lt;li class=&quot;nav-item&quot;&gt;\r\n            &lt;a class=&quot;nav-link&quot; href...m-control-feedback&quot; aria-hidden=&quot;true&quot;&gt;&lt;/span&gt;\r\n            &lt;span class=&quot;help-inline&quot;&gt;Failed to convert property value of type &amp;#39;java.lang.String&amp;#39; to required type &amp;#39;org.springframework.samples.petclinic.owner.PetType&amp;#39; for property &amp;#39;type&amp;#39;; Failed to convert from type [java.lang.String] to type [@jakarta.persistence.ManyToOne @jakarta.persistence.JoinColumn org.springframework.samples.petclinic.owner.PetType] for value [1]&lt;br /&gt;is required&lt;/span&gt;\r\n          \r\n        &lt;/div&gt;\r\n      &lt;/div&gt;\r\n    \r\n    &lt;/div&gt;\r\n    &lt;div class=&quot;form-group&quot;&gt;\r\n      &lt;div class=&quot;col-sm-offset-2 col-sm-10&quot;&gt;\r\n        &lt;button class=&quot;btn btn-primary&quot; type=&quot;submit&quot;&gt;Add Pet&lt;/button&gt;\r\n      &lt;/div&gt;\r\n    &lt;/div&gt;\r\n  &lt;/form&gt;\r\n\r\n&lt;/body&gt;\r\n\r\n      &lt;br /&gt;\r\n      &lt;br /&gt;\r\n      &lt;div class=&quot;container&quot;&gt;\r\n        &lt;div class=&quot;row&quot;&gt;\r\n          &lt;div class=&quot;col-12 text-center&quot;&gt;\r\n            &lt;img src=&quot;/resources/images/spring-logo.svg&quot; alt=&quot;VMware Tanzu Logo&quot; class=&quot;logo&quot;&gt;\r\n          &lt;/div&gt;\r\n        &lt;/div&gt;\r\n      &lt;/div&gt;\r\n    &lt;/div&gt;\r\n  &lt;/div&gt;\r\n\r\n  &lt;script src=&quot;/webjars/bootstrap/5.3.8/dist/js/bootstrap.bundle.min.js&quot;&gt;&lt;/script&gt;\r\n\r\n&lt;/body&gt;\r\n\r\n&lt;/html&gt;' = &lt;Response [200]&gt;.text&#10;&#10;------------------------------------------------------------&#10;[完整请求/响应上下文]&#10;  请求: POST http://localhost:8080/owners/1/pets/new&#10;  请求体: {&#10;  &quot;name&quot;: &quot;TestPet&quot;,&#10;  &quot;birthDate&quot;: &quot;2024-01-01&quot;,&#10;  &quot;type&quot;: &quot;1&quot;&#10;}&#10;  响应状态码: 200&#10;  响应体:&#10;&quot;&lt;!DOCTYPE html&gt;\r\n\r\n&lt;html&gt;\r\n\r\n&lt;head&gt;\r\n\r\n  &lt;meta http-equiv=\&quot;Content-Type\&quot; content=\&quot;text/html; charset=UTF-8\&quot; /&gt;\r\n  &lt;meta charset=\&quot;utf-8\&quot;&gt;\r\n  &lt;meta http-equiv=\&quot;X-UA-Compatible\&quot; content=\&quot;IE=edge\&quot;&gt;\r\n  &lt;meta name=\&quot;viewport\&quot; content=\&quot;width=device-width, initial-scale=1\&quot;&gt;\r\n  &lt;link rel=\&quot;shortcut icon\&quot; type=\&quot;image/x-icon\&quot; href=\&quot;/resources/images/favicon.png\&quot;&gt;\r\n  &lt;title&gt;PetClinic :: a Spring Framework demonstration&lt;/title&gt;\r\n  &lt;link href=\&quot;/webjars/font-awesome/4.7.0/css/font-awesome.min.css\&quot; rel=\&quot;stylesheet\&quot;&gt;\r\n  &lt;link rel=\&quot;stylesheet\&quot; href=\&quot;/resources/css/petclinic.css\&quot; /&gt;\r\n\r\n&lt;/head&gt;\r\n\r\n&lt;body&gt;\r\n\r\n  &lt;nav class=\&quot;navbar navbar-expand-lg navbar-dark\&quot; role=\&quot;navigation\&quot;&gt;\r\n    &lt;div class=\&quot;container-fluid\&quot;&gt;\r\n      &lt;a class=\&quot;navbar-brand\&quot; href=\&quot;/\&quot;&gt;&lt;span&gt;&lt;/span&gt;&lt;/a&gt;\r\n      &lt;button class=\&quot;navbar-toggler\&quot; type=\&quot;button\&quot; data-bs-toggle=\&quot;collapse\&quot; data-bs-target=\&quot;#main-navbar\&quot;&gt;\r\n        &lt;span class=\&quot;navbar-toggler-icon\&quot;&gt;&lt;/span&gt;\r\n      &lt;/button&gt;\r\n      &lt;div class=\&quot;collapse navbar-collapse\&quot; id=\&quot;main-navbar\&quot; style&gt;\r\n\r\n        \r\n\r\n        &lt;ul class=\&quot;nav navbar-nav me-auto\&quot;&gt;\r\n\r\n          &lt;li class=\&quot;nav-item\&quot;&gt;\r\n            &lt;a class=\&quot;nav-link\&quot; href=\&quot;/\&quot; title=\&quot;home page\&quot;&gt;\r\n              &lt;span class=\&quot;fa fa-home\&quot;&gt;&lt;/span&gt;\r\n              &lt;span&gt;Home&lt;/span&gt;\r\n            &lt;/a&gt;\r\n          &lt;/li&gt;\r\n\r\n          &lt;li class=\&quot;nav-item\&quot;&gt;\r\n            &lt;a class=\&quot;nav-link active\&quot; href=\&quot;/owners/find\&quot; title=\&quot;find owners\&quot;&gt;\r\n              &lt;span class=\&quot;fa fa-search\&quot;&gt;&lt;/span&gt;\r\n              &lt;span&gt;Find Owners&lt;/span&gt;\r\n            &lt;/a&gt;\r\n          &lt;/li&gt;\r\n\r\n          &lt;li class=\&quot;nav-item\&quot;&gt;\r\n            &lt;a class=\&quot;nav-link\&quot; href=\&quot;/vets.html\&quot; title=\&quot;veterinarians\&quot;&gt;\r\n              &lt;span class=\&quot;fa fa-th-list\&quot;&gt;&lt;/span&gt;\r\n              &lt;span&gt;Veterinarians&lt;/span&gt;\r\n            &lt;/a&gt;\r\n          &lt;/li&gt;\r\n\r\n          &lt;li class=\&quot;nav-item\&quot;&gt;\r\n            &lt;a class=\&quot;nav-link\&quot; href=\&quot;/oups\&quot; title=\&quot;trigger a RuntimeException to see how it is handled\&quot;&gt;\r\n              &lt;span class=\&quot;fa fa-exclamation-triangle\&quot;&gt;&lt;/span&gt;\r\n              &lt;span&gt;Error&lt;/span&gt;\r\n            &lt;/a&gt;\r\n          &lt;/li&gt;\r\n\r\n        &lt;/ul&gt;\r\n      &lt;/div&gt;\r\n    &lt;/div&gt;\r\n  &lt;/nav&gt;\r\n  &lt;div class=\&quot;container-fluid\&quot;&gt;\r\n    &lt;div class=\&quot;container xd-container\&quot;&gt;\r\n\r\n      &lt;body&gt;\r\n\r\n  &lt;h2&gt;\r\n    New \r\n    &lt;span&gt;Pet&lt;/span&gt;\r\n  &lt;/h2&gt;\r\n  &lt;form class=\&quot;form-horizontal\&quot; method=\&quot;post\&quot;&gt;\r\n    &lt;input type=\&quot;hidden\&quot; name=\&quot;id\&quot; value=\&quot;\&quot; /&gt;\r\n    &lt;div class=\&quot;form-group has-feedback\&quot;&gt;\r\n      &lt;div class=\&quot;form-group\&quot;&gt;\r\n        &lt;label class=\&quot;col-sm-2 control-label\&quot;&gt;Owner&lt;/label&gt;\r\n        &lt;div class=\&quot;col-sm-10\&quot;&gt;\r\n          &lt;span &gt;George Franklin&lt;/span&gt;\r\n        &lt;/div&gt;\r\n      &lt;/div&gt;\r\n      \r\n      &lt;div class=\&quot;form-group\&quot;&gt;\r\n        &lt;label for=\&quot;name\&quot; class=\&quot;col-sm-2 control-label\&quot;&gt;Name&lt;/label&gt;\r\n        &lt;div class=\&quot;col-sm-10\&quot;&gt;\r\n          &lt;div&gt;\r\n            &lt;input class=\&quot;form-control\&quot; type=\&quot;text\&quot; id=\&quot;name\&quot; name=\&quot;name\&quot; value=\&quot;TestPet\&quot; /&gt;\r\n            \r\n          &lt;/div&gt;\r\n          &lt;span class=\&quot;fa fa-ok form-control-feedback\&quot; aria-hidden=\&quot;true\&quot;&gt;&lt;/span&gt;\r\n          \r\n        &lt;/div&gt;\r\n      &lt;/div&gt;\r\n    \r\n      \r\n      &lt;div class=\&quot;form-group\&quot;&gt;\r\n        &lt;label for=\&quot;birthDate\&quot; class=\&quot;col-sm-2 control-label\&quot;&gt;Birth Date&lt;/label&gt;\r\n        &lt;div class=\&quot;col-sm-10\&quot;&gt;\r\n          &lt;div&gt;\r\n            \r\n            &lt;input class=\&quot;form-control\&quot; type=\&quot;date\&quot; id=\&quot;birthDate\&quot; name=\&quot;birthDate\&quot; value=\&quot;2024-01-01\&quot; /&gt;\r\n          &lt;/div&gt;\r\n          &lt;span class=\&quot;fa fa-ok form-control-feedback\&quot; aria-hidden=\&quot;true\&quot;&gt;&lt;/span&gt;\r\n          \r\n        &lt;/div&gt;\r\n      &lt;/div&gt;\r\n    \r\n      \r\n      &lt;div class=\&quot;form-group has-error\&quot;&gt;\r\n        &lt;label for=\&quot;type\&quot; class=\&quot;col-sm-2 control-label\&quot;&gt;Type&lt;/label&gt;\r\n\r\n        &lt;div class=\&quot;col-sm-10\&quot;&gt;\r\n          &lt;select id=\&quot;type\&quot; name=\&quot;type\&quot;&gt;\r\n            &lt;option value=\&quot;bird\&quot;&gt;bird&lt;/option&gt;\r\n            &lt;option value=\&quot;cat\&quot;&gt;cat&lt;/option&gt;\r\n            &lt;option value=\&quot;dog\&quot;&gt;dog&lt;/option&gt;\r\n            &lt;option value=\&quot;hamster\&quot;&gt;hamster&lt;/option&gt;\r\n            &lt;option value=\&quot;lizard\&quot;&gt;lizard&lt;/option&gt;\r\n            &lt;option value=\&quot;snake\&quot;&gt;snake&lt;/option&gt;\r\n          &lt;/select&gt;\r\n          \r\n          \r\n            &lt;span class=\&quot;fa fa-remove form-control-feedback\&quot; aria-hidden=\&quot;true\&quot;&gt;&lt;/span&gt;\r\n            &lt;span class=\&quot;help-inline\&quot;&gt;Failed to convert property value of type &amp;#39;java.lang.String&amp;#39; to required type &amp;#39;org.springframework.samples.petclinic.owner.PetType&amp;#39; for property &amp;#39;type&amp;#39;; Failed to convert from type [java.lang.String] to type [@jakarta.persistence.ManyToOne @jakarta.persistence.JoinColumn org.springframework.samples.petclinic.owner.PetType] for value [1]&lt;br /&gt;is required&lt;/span&gt;\r\n          \r\n        &lt;/div&gt;\r\n      &lt;/div&gt;\r\n    \r\n    &lt;/div&gt;\r\n    &lt;div class=\&quot;form-group\&quot;&gt;\r\n      &lt;div class=\&quot;col-sm-offset-2 col-sm-10\&quot;&gt;\r\n        &lt;button class=\&quot;btn btn-primary\&quot; type=\&quot;submit\&quot;&gt;Add Pet&lt;/button&gt;\r\n      &lt;/div&gt;\r\n    &lt;/div&gt;\r\n  &lt;/form&gt;\r\n\r\n&lt;/body&gt;\r\n\r\n      &lt;br /&gt;\r\n      &lt;br /&gt;\r\n      &lt;div class=\&quot;container\&quot;&gt;\r\n        &lt;div class=\&quot;row\&quot;&gt;\r\n          &lt;div class=\&quot;col-12 text-center\&quot;&gt;\r\n            &lt;img src=\&quot;/resources/images/spring-logo.svg\&quot; alt=\&quot;VMware Tanzu Logo\&quot; class=\&quot;logo\&quot;&gt;\r\n          &lt;/div&gt;\r\n        &lt;/div&gt;\r\n      &lt;/div&gt;\r\n    &lt;/div&gt;\r\n  &lt;/div&gt;\r\n\r\n  &lt;script src=\&quot;/webjars/bootstrap/5.3.8/dist/js/bootstrap.bundle.min.js\&quot;&gt;&lt;/script&gt;\r\n\r\n&lt;/body&gt;\r\n\r\n&lt;/html&gt;&quot;&#10;------------------------------------------------------------">tests\baseline\generated\api-test\test_owner.py:158: in test_TC_OWNER_017
    resp, data = request_helper.execute(case)
                 ^^^^^^^^^^^^^^^^^^^^^^^^^^^^
tests\baseline\generated\api-test\conftest.py:492: in execute
    return execute_request(
tests\baseline\generated\api-test\conftest.py:440: in execute_request
    raise AssertionError(f"{e}\n{context}") from None
E   AssertionError: 响应体不包含预期文本: 'Owner Information'
E   assert 'Owner Information' in '&lt;!DOCTYPE html&gt;\r\n\r\n&lt;html&gt;\r\n\r\n&lt;head&gt;\r\n\r\n  &lt;meta http-equiv="Content-Type" content="text/html; charset=UTF-8" /&gt;\r\n  &lt;meta charset="utf-8"&gt;\r\n  &lt;meta http-equiv="X-UA-Compatible" content="IE=edge"&gt;\r\n  &lt;meta name="viewport" content="width=device-width, initial-scale=1"&gt;\r\n  &lt;link rel="shortcut icon" type="image/x-icon" href="/resources/images/favicon.png"&gt;\r\n  &lt;title&gt;PetClinic :: a Spring Framework demonstration&lt;/title&gt;\r\n  &lt;link href="/webjars/font-awesome/4.7.0/css/font-awesome.min.css" rel="stylesheet"&gt;\r\n  &lt;link rel="stylesheet" href="/resources/css/petclinic.css" /&gt;\r\n\r\n&lt;/head&gt;\r\n\r\n&lt;body&gt;\r\n\r\n  &lt;nav class="navbar navbar-expand-lg navbar-dark" role="navigation"&gt;\r\n    &lt;div class="container-fluid"&gt;\r\n      &lt;a class="navbar-brand" href="/"&gt;&lt;span&gt;&lt;/span&gt;&lt;/a&gt;\r\n      &lt;button class="navbar-toggler" type="button" data-bs-toggle="collapse" data-bs-target="#main-navbar"&gt;\r\n        &lt;span class="navbar-toggler-icon"&gt;&lt;/span&gt;\r\n      &lt;/button&gt;\r\n      &lt;div class="collapse navbar-collapse" id="main-navbar" style&gt;\r\n\r\n        \r\n\r\n        &lt;ul class="nav navbar-nav me-auto"&gt;\r\n\r\n          &lt;li class="nav-item"&gt;\r\n            &lt;a class="nav-link" href...m-control-feedback" aria-hidden="true"&gt;&lt;/span&gt;\r\n            &lt;span class="help-inline"&gt;Failed to convert property value of type &amp;#39;java.lang.String&amp;#39; to required type &amp;#39;org.springframework.samples.petclinic.owner.PetType&amp;#39; for property &amp;#39;type&amp;#39;; Failed to convert from type [java.lang.String] to type [@jakarta.persistence.ManyToOne @jakarta.persistence.JoinColumn org.springframework.samples.petclinic.owner.PetType] for value [1]&lt;br /&gt;is required&lt;/span&gt;\r\n          \r\n        &lt;/div&gt;\r\n      &lt;/div&gt;\r\n    \r\n    &lt;/div&gt;\r\n    &lt;div class="form-group"&gt;\r\n      &lt;div class="col-sm-offset-2 col-sm-10"&gt;\r\n        &lt;button class="btn btn-primary" type="submit"&gt;Add Pet&lt;/button&gt;\r\n      &lt;/div&gt;\r\n    &lt;/div&gt;\r\n  &lt;/form&gt;\r\n\r\n&lt;/body&gt;\r\n\r\n      &lt;br /&gt;\r\n      &lt;br /&gt;\r\n      &lt;div class="container"&gt;\r\n        &lt;div class="row"&gt;\r\n          &lt;div class="col-12 text-center"&gt;\r\n            &lt;img src="/resources/images/spring-logo.svg" alt="VMware Tanzu Logo" class="logo"&gt;\r\n          &lt;/div&gt;\r\n        &lt;/div&gt;\r\n      &lt;/div&gt;\r\n    &lt;/div&gt;\r\n  &lt;/div&gt;\r\n\r\n  &lt;script src="/webjars/bootstrap/5.3.8/dist/js/bootstrap.bundle.min.js"&gt;&lt;/script&gt;\r\n\r\n&lt;/body&gt;\r\n\r\n&lt;/html&gt;'
E    +  where '&lt;!DOCTYPE html&gt;\r\n\r\n&lt;html&gt;\r\n\r\n&lt;head&gt;\r\n\r\n  &lt;meta http-equiv="Content-Type" content="text/html; charset=UTF-8" /&gt;\r\n  &lt;meta charset="utf-8"&gt;\r\n  &lt;meta http-equiv="X-UA-Compatible" content="IE=edge"&gt;\r\n  &lt;meta name="viewport" content="width=device-width, initial-scale=1"&gt;\r\n  &lt;link rel="shortcut icon" type="image/x-icon" href="/resources/images/favicon.png"&gt;\r\n  &lt;title&gt;PetClinic :: a Spring Framework demonstration&lt;/title&gt;\r\n  &lt;link href="/webjars/font-awesome/4.7.0/css/font-awesome.min.css" rel="stylesheet"&gt;\r\n  &lt;link rel="stylesheet" href="/resources/css/petclinic.css" /&gt;\r\n\r\n&lt;/head&gt;\r\n\r\n&lt;body&gt;\r\n\r\n  &lt;nav class="navbar navbar-expand-lg navbar-dark" role="navigation"&gt;\r\n    &lt;div class="container-fluid"&gt;\r\n      &lt;a class="navbar-brand" href="/"&gt;&lt;span&gt;&lt;/span&gt;&lt;/a&gt;\r\n      &lt;button class="navbar-toggler" type="button" data-bs-toggle="collapse" data-bs-target="#main-navbar"&gt;\r\n        &lt;span class="navbar-toggler-icon"&gt;&lt;/span&gt;\r\n      &lt;/button&gt;\r\n      &lt;div class="collapse navbar-collapse" id="main-navbar" style&gt;\r\n\r\n        \r\n\r\n        &lt;ul class="nav navbar-nav me-auto"&gt;\r\n\r\n          &lt;li class="nav-item"&gt;\r\n            &lt;a class="nav-link" href...m-control-feedback" aria-hidden="true"&gt;&lt;/span&gt;\r\n            &lt;span class="help-inline"&gt;Failed to convert property value of type &amp;#39;java.lang.String&amp;#39; to required type &amp;#39;org.springframework.samples.petclinic.owner.PetType&amp;#39; for property &amp;#39;type&amp;#39;; Failed to convert from type [java.lang.String] to type [@jakarta.persistence.ManyToOne @jakarta.persistence.JoinColumn org.springframework.samples.petclinic.owner.PetType] for value [1]&lt;br /&gt;is required&lt;/span&gt;\r\n          \r\n        &lt;/div&gt;\r\n      &lt;/div&gt;\r\n    \r\n    &lt;/div&gt;\r\n    &lt;div class="form-group"&gt;\r\n      &lt;div class="col-sm-offset-2 col-sm-10"&gt;\r\n        &lt;button class="btn btn-primary" type="submit"&gt;Add Pet&lt;/button&gt;\r\n      &lt;/div&gt;\r\n    &lt;/div&gt;\r\n  &lt;/form&gt;\r\n\r\n&lt;/body&gt;\r\n\r\n      &lt;br /&gt;\r\n      &lt;br /&gt;\r\n      &lt;div class="container"&gt;\r\n        &lt;div class="row"&gt;\r\n          &lt;div class="col-12 text-center"&gt;\r\n            &lt;img src="/resources/images/spring-logo.svg" alt="VMware Tanzu Logo" class="logo"&gt;\r\n          &lt;/div&gt;\r\n        &lt;/div&gt;\r\n      &lt;/div&gt;\r\n    &lt;/div&gt;\r\n  &lt;/div&gt;\r\n\r\n  &lt;script src="/webjars/bootstrap/5.3.8/dist/js/bootstrap.bundle.min.js"&gt;&lt;/script&gt;\r\n\r\n&lt;/body&gt;\r\n\r\n&lt;/html&gt;' = &lt;Response [200]&gt;.text
E   
E   ------------------------------------------------------------
E   [完整请求/响应上下文]
E     请求: POST http://localhost:8080/owners/1/pets/new
E     请求体: {
E     "name": "TestPet",
E     "birthDate": "2024-01-01",
E     "type": "1"
E   }
E     响应状态码: 200
E     响应体:
E   "&lt;!DOCTYPE html&gt;\r\n\r\n&lt;html&gt;\r\n\r\n&lt;head&gt;\r\n\r\n  &lt;meta http-equiv=\"Content-Type\" content=\"text/html; charset=UTF-8\" /&gt;\r\n  &lt;meta charset=\"utf-8\"&gt;\r\n  &lt;meta http-equiv=\"X-UA-Compatible\" content=\"IE=edge\"&gt;\r\n  &lt;meta name=\"viewport\" content=\"width=device-width, initial-scale=1\"&gt;\r\n  &lt;link rel=\"shortcut icon\" type=\"image/x-icon\" href=\"/resources/images/favicon.png\"&gt;\r\n  &lt;title&gt;PetClinic :: a Spring Framework demonstration&lt;/title&gt;\r\n  &lt;link href=\"/webjars/font-awesome/4.7.0/css/font-awesome.min.css\" rel=\"stylesheet\"&gt;\r\n  &lt;link rel=\"stylesheet\" href=\"/resources/css/petclinic.css\" /&gt;\r\n\r\n&lt;/head&gt;\r\n\r\n&lt;body&gt;\r\n\r\n  &lt;nav class=\"navbar navbar-expand-lg navbar-dark\" role=\"navigation\"&gt;\r\n    &lt;div class=\"container-fluid\"&gt;\r\n      &lt;a class=\"navbar-brand\" href=\"/\"&gt;&lt;span&gt;&lt;/span&gt;&lt;/a&gt;\r\n      &lt;button class=\"navbar-toggler\" type=\"button\" data-bs-toggle=\"collapse\" data-bs-target=\"#main-navbar\"&gt;\r\n        &lt;span class=\"navbar-toggler-icon\"&gt;&lt;/span&gt;\r\n      &lt;/button&gt;\r\n      &lt;div class=\"collapse navbar-collapse\" id=\"main-navbar\" style&gt;\r\n\r\n        \r\n\r\n        &lt;ul class=\"nav navbar-nav me-auto\"&gt;\r\n\r\n          &lt;li class=\"nav-item\"&gt;\r\n            &lt;a class=\"nav-link\" href=\"/\" title=\"home page\"&gt;\r\n              &lt;span class=\"fa fa-home\"&gt;&lt;/span&gt;\r\n              &lt;span&gt;Home&lt;/span&gt;\r\n            &lt;/a&gt;\r\n          &lt;/li&gt;\r\n\r\n          &lt;li class=\"nav-item\"&gt;\r\n            &lt;a class=\"nav-link active\" href=\"/owners/find\" title=\"find owners\"&gt;\r\n              &lt;span class=\"fa fa-search\"&gt;&lt;/span&gt;\r\n              &lt;span&gt;Find Owners&lt;/span&gt;\r\n            &lt;/a&gt;\r\n          &lt;/li&gt;\r\n\r\n          &lt;li class=\"nav-item\"&gt;\r\n            &lt;a class=\"nav-link\" href=\"/vets.html\" title=\"veterinarians\"&gt;\r\n              &lt;span class=\"fa fa-th-list\"&gt;&lt;/span&gt;\r\n              &lt;span&gt;Veterinarians&lt;/span&gt;\r\n            &lt;/a&gt;\r\n          &lt;/li&gt;\r\n\r\n          &lt;li class=\"nav-item\"&gt;\r\n            &lt;a class=\"nav-link\" href=\"/oups\" title=\"trigger a RuntimeException to see how it is handled\"&gt;\r\n              &lt;span class=\"fa fa-exclamation-triangle\"&gt;&lt;/span&gt;\r\n              &lt;span&gt;Error&lt;/span&gt;\r\n            &lt;/a&gt;\r\n          &lt;/li&gt;\r\n\r\n        &lt;/ul&gt;\r\n      &lt;/div&gt;\r\n    &lt;/div&gt;\r\n  &lt;/nav&gt;\r\n  &lt;div class=\"container-fluid\"&gt;\r\n    &lt;div class=\"container xd-container\"&gt;\r\n\r\n      &lt;body&gt;\r\n\r\n  &lt;h2&gt;\r\n    New \r\n    &lt;span&gt;Pet&lt;/span&gt;\r\n  &lt;/h2&gt;\r\n  &lt;form class=\"form-horizontal\" method=\"post\"&gt;\r\n    &lt;input type=\"hidden\" name=\"id\" value=\"\" /&gt;\r\n    &lt;div class=\"form-group has-feedback\"&gt;\r\n      &lt;div class=\"form-group\"&gt;\r\n        &lt;label class=\"col-sm-2 control-label\"&gt;Owner&lt;/label&gt;\r\n        &lt;div class=\"col-sm-10\"&gt;\r\n          &lt;span &gt;George Franklin&lt;/span&gt;\r\n        &lt;/div&gt;\r\n      &lt;/div&gt;\r\n      \r\n      &lt;div class=\"form-group\"&gt;\r\n        &lt;label for=\"name\" class=\"col-sm-2 control-label\"&gt;Name&lt;/label&gt;\r\n        &lt;div class=\"col-sm-10\"&gt;\r\n          &lt;div&gt;\r\n            &lt;input class=\"form-control\" type=\"text\" id=\"name\" name=\"name\" value=\"TestPet\" /&gt;\r\n            \r\n          &lt;/div&gt;\r\n          &lt;span class=\"fa fa-ok form-control-feedback\" aria-hidden=\"true\"&gt;&lt;/span&gt;\r\n          \r\n        &lt;/div&gt;\r\n      &lt;/div&gt;\r\n    \r\n      \r\n      &lt;div class=\"form-group\"&gt;\r\n        &lt;label for=\"birthDate\" class=\"col-sm-2 control-label\"&gt;Birth Date&lt;/label&gt;\r\n        &lt;div class=\"col-sm-10\"&gt;\r\n          &lt;div&gt;\r\n            \r\n            &lt;input class=\"form-control\" type=\"date\" id=\"birthDate\" name=\"birthDate\" value=\"2024-01-01\" /&gt;\r\n          &lt;/div&gt;\r\n          &lt;span class=\"fa fa-ok form-control-feedback\" aria-hidden=\"true\"&gt;&lt;/span&gt;\r\n          \r\n        &lt;/div&gt;\r\n      &lt;/div&gt;\r\n    \r\n      \r\n      &lt;div class=\"form-group has-error\"&gt;\r\n        &lt;label for=\"type\" class=\"col-sm-2 control-label\"&gt;Type&lt;/label&gt;\r\n\r\n        &lt;div class=\"col-sm-10\"&gt;\r\n          &lt;select id=\"type\" name=\"type\"&gt;\r\n            &lt;option value=\"bird\"&gt;bird&lt;/option&gt;\r\n            &lt;option value=\"cat\"&gt;cat&lt;/option&gt;\r\n            &lt;option value=\"dog\"&gt;dog&lt;/option&gt;\r\n            &lt;option value=\"hamster\"&gt;hamster&lt;/option&gt;\r\n            &lt;option value=\"lizard\"&gt;lizard&lt;/option&gt;\r\n            &lt;option value=\"snake\"&gt;snake&lt;/option&gt;\r\n          &lt;/select&gt;\r\n          \r\n          \r\n            &lt;span class=\"fa fa-remove form-control-feedback\" aria-hidden=\"true\"&gt;&lt;/span&gt;\r\n            &lt;span class=\"help-inline\"&gt;Failed to convert property value of type &amp;#39;java.lang.String&amp;#39; to required type &amp;#39;org.springframework.samples.petclinic.owner.PetType&amp;#39; for property &amp;#39;type&amp;#39;; Failed to convert from type [java.lang.String] to type [@jakarta.persistence.ManyToOne @jakarta.persistence.JoinColumn org.springframework.samples.petclinic.owner.PetType] for value [1]&lt;br /&gt;is required&lt;/span&gt;\r\n          \r\n        &lt;/div&gt;\r\n      &lt;/div&gt;\r\n    \r\n    &lt;/div&gt;\r\n    &lt;div class=\"form-group\"&gt;\r\n      &lt;div class=\"col-sm-offset-2 col-sm-10\"&gt;\r\n        &lt;button class=\"btn btn-primary\" type=\"submit\"&gt;Add Pet&lt;/button&gt;\r\n      &lt;/div&gt;\r\n    &lt;/div&gt;\r\n  &lt;/form&gt;\r\n\r\n&lt;/body&gt;\r\n\r\n      &lt;br /&gt;\r\n      &lt;br /&gt;\r\n      &lt;div class=\"container\"&gt;\r\n        &lt;div class=\"row\"&gt;\r\n          &lt;div class=\"col-12 text-center\"&gt;\r\n            &lt;img src=\"/resour
[...]
\r\n\r\n  &lt;script src=&quot;/webjars/bootstrap/5.3.8/dist/js/bootstrap.bundle.min.js&quot;&gt;&lt;/script&gt;\r\n\r\n&lt;/body&gt;\r\n\r\n&lt;/html&gt;' = &lt;Response [200]&gt;.text&#10;&#10;------------------------------------------------------------&#10;[完整请求/响应上下文]&#10;  请求: POST http://localhost:8080/owners/1/pets/1/visits/new&#10;  请求体: {&#10;  &quot;date&quot;: &quot;2024-07-01&quot;,&#10;  &quot;description&quot;: &quot;Regular checkup&quot;&#10;}&#10;  响应状态码: 200&#10;  响应体:&#10;&quot;&lt;!DOCTYPE html&gt;\r\n\r\n&lt;html&gt;\r\n\r\n&lt;head&gt;\r\n\r\n  &lt;meta http-equiv=\&quot;Content-Type\&quot; content=\&quot;text/html; charset=UTF-8\&quot; /&gt;\r\n  &lt;meta charset=\&quot;utf-8\&quot;&gt;\r\n  &lt;meta http-equiv=\&quot;X-UA-Compatible\&quot; content=\&quot;IE=edge\&quot;&gt;\r\n  &lt;meta name=\&quot;viewport\&quot; content=\&quot;width=device-width, initial-scale=1\&quot;&gt;\r\n  &lt;link rel=\&quot;shortcut icon\&quot; type=\&quot;image/x-icon\&quot; href=\&quot;/resources/images/favicon.png\&quot;&gt;\r\n  &lt;title&gt;PetClinic :: a Spring Framework demonstration&lt;/title&gt;\r\n  &lt;link href=\&quot;/webjars/font-awesome/4.7.0/css/font-awesome.min.css\&quot; rel=\&quot;stylesheet\&quot;&gt;\r\n  &lt;link rel=\&quot;stylesheet\&quot; href=\&quot;/resources/css/petclinic.css\&quot; /&gt;\r\n\r\n&lt;/head&gt;\r\n\r\n&lt;body&gt;\r\n\r\n  &lt;nav class=\&quot;navbar navbar-expand-lg navbar-dark\&quot; role=\&quot;navigation\&quot;&gt;\r\n    &lt;div class=\&quot;container-fluid\&quot;&gt;\r\n      &lt;a class=\&quot;navbar-brand\&quot; href=\&quot;/\&quot;&gt;&lt;span&gt;&lt;/span&gt;&lt;/a&gt;\r\n      &lt;button class=\&quot;navbar-toggler\&quot; type=\&quot;button\&quot; data-bs-toggle=\&quot;collapse\&quot; data-bs-target=\&quot;#main-navbar\&quot;&gt;\r\n        &lt;span class=\&quot;navbar-toggler-icon\&quot;&gt;&lt;/span&gt;\r\n      &lt;/button&gt;\r\n      &lt;div class=\&quot;collapse navbar-collapse\&quot; id=\&quot;main-navbar\&quot; style&gt;\r\n\r\n        \r\n\r\n        &lt;ul class=\&quot;nav navbar-nav me-auto\&quot;&gt;\r\n\r\n          &lt;li class=\&quot;nav-item\&quot;&gt;\r\n            &lt;a class=\&quot;nav-link\&quot; href=\&quot;/\&quot; title=\&quot;home page\&quot;&gt;\r\n              &lt;span class=\&quot;fa fa-home\&quot;&gt;&lt;/span&gt;\r\n              &lt;span&gt;Home&lt;/span&gt;\r\n            &lt;/a&gt;\r\n          &lt;/li&gt;\r\n\r\n          &lt;li class=\&quot;nav-item\&quot;&gt;\r\n            &lt;a class=\&quot;nav-link active\&quot; href=\&quot;/owners/find\&quot; title=\&quot;find owners\&quot;&gt;\r\n              &lt;span class=\&quot;fa fa-search\&quot;&gt;&lt;/span&gt;\r\n              &lt;span&gt;Find Owners&lt;/span&gt;\r\n            &lt;/a&gt;\r\n          &lt;/li&gt;\r\n\r\n          &lt;li class=\&quot;nav-item\&quot;&gt;\r\n            &lt;a class=\&quot;nav-link\&quot; href=\&quot;/vets.html\&quot; title=\&quot;veterinarians\&quot;&gt;\r\n              &lt;span class=\&quot;fa fa-th-list\&quot;&gt;&lt;/span&gt;\r\n              &lt;span&gt;Veterinarians&lt;/span&gt;\r\n            &lt;/a&gt;\r\n          &lt;/li&gt;\r\n\r\n          &lt;li class=\&quot;nav-item\&quot;&gt;\r\n            &lt;a class=\&quot;nav-link\&quot; href=\&quot;/oups\&quot; title=\&quot;trigger a RuntimeException to see how it is handled\&quot;&gt;\r\n              &lt;span class=\&quot;fa fa-exclamation-triangle\&quot;&gt;&lt;/span&gt;\r\n              &lt;span&gt;Error&lt;/span&gt;\r\n            &lt;/a&gt;\r\n          &lt;/li&gt;\r\n\r\n        &lt;/ul&gt;\r\n      &lt;/div&gt;\r\n    &lt;/div&gt;\r\n  &lt;/nav&gt;\r\n  &lt;div class=\&quot;container-fluid\&quot;&gt;\r\n    &lt;div class=\&quot;container xd-container\&quot;&gt;\r\n\r\n      &lt;body&gt;\r\n\r\n  &lt;h2&gt;\r\n    New \r\n    Visit\r\n  &lt;/h2&gt;\r\n\r\n  &lt;b&gt;Pet&lt;/b&gt;\r\n  &lt;table class=\&quot;table table-striped\&quot;&gt;\r\n    &lt;thead&gt;\r\n      &lt;tr&gt;\r\n        &lt;th&gt;Name&lt;/th&gt;\r\n        &lt;th&gt;Birth Date&lt;/th&gt;\r\n        &lt;th&gt;Type&lt;/th&gt;\r\n        &lt;th&gt;Owner&lt;/th&gt;\r\n      &lt;/tr&gt;\r\n    &lt;/thead&gt;\r\n    &lt;tr&gt;\r\n      &lt;td&gt;Leo&lt;/td&gt;\r\n      &lt;td&gt;2010-09-07&lt;/td&gt;\r\n      &lt;td&gt;cat&lt;/td&gt;\r\n      &lt;td&gt;George Franklin&lt;/td&gt;\r\n    &lt;/tr&gt;\r\n  &lt;/table&gt;\r\n\r\n  &lt;form class=\&quot;form-horizontal\&quot; method=\&quot;post\&quot;&gt;\r\n    &lt;div class=\&quot;form-group has-feedback\&quot;&gt;\r\n      \r\n      &lt;div class=\&quot;form-group has-error\&quot;&gt;\r\n        &lt;label for=\&quot;date\&quot; class=\&quot;col-sm-2 control-label\&quot;&gt;Date&lt;/label&gt;\r\n        &lt;div class=\&quot;col-sm-10\&quot;&gt;\r\n          &lt;div&gt;\r\n            \r\n            &lt;input class=\&quot;form-control\&quot; type=\&quot;date\&quot; min=\&quot;2026-07-11\&quot; id=\&quot;date\&quot; name=\&quot;date\&quot; value=\&quot;2024-07-01\&quot; /&gt;\r\n          &lt;/div&gt;\r\n          \r\n          \r\n            &lt;span class=\&quot;fa fa-remove form-control-feedback\&quot; aria-hidden=\&quot;true\&quot;&gt;&lt;/span&gt;\r\n            &lt;span class=\&quot;help-inline\&quot;&gt;Visit date must be in the future&lt;/span&gt;\r\n          \r\n        &lt;/div&gt;\r\n      &lt;/div&gt;\r\n    \r\n      \r\n      &lt;div class=\&quot;form-group\&quot;&gt;\r\n        &lt;label for=\&quot;description\&quot; class=\&quot;col-sm-2 control-label\&quot;&gt;Description&lt;/label&gt;\r\n        &lt;div class=\&quot;col-sm-10\&quot;&gt;\r\n          &lt;div&gt;\r\n            &lt;input class=\&quot;form-control\&quot; type=\&quot;text\&quot; id=\&quot;description\&quot; name=\&quot;description\&quot; value=\&quot;Regular checkup\&quot; /&gt;\r\n            \r\n          &lt;/div&gt;\r\n          &lt;span class=\&quot;fa fa-ok form-control-feedback\&quot; aria-hidden=\&quot;true\&quot;&gt;&lt;/span&gt;\r\n          \r\n        &lt;/div&gt;\r\n      &lt;/div&gt;\r\n    \r\n    &lt;/div&gt;\r\n\r\n    &lt;div class=\&quot;form-group\&quot;&gt;\r\n      &lt;div class=\&quot;col-sm-offset-2 col-sm-10\&quot;&gt;\r\n        &lt;input type=\&quot;hidden\&quot; name=\&quot;petId\&quot; value=\&quot;1\&quot; /&gt;\r\n        &lt;button class=\&quot;btn btn-primary\&quot; type=\&quot;submit\&quot;&gt;Add Visit&lt;/button&gt;\r\n      &lt;/div&gt;\r\n    &lt;/div&gt;\r\n  &lt;/form&gt;\r\n\r\n  &lt;br /&gt;\r\n  &lt;b&gt;Previous Visits&lt;/b&gt;\r\n  &lt;table class=\&quot;table table-striped\&quot;&gt;\r\n    &lt;tr&gt;\r\n      &lt;th&gt;Date&lt;/th&gt;\r\n      &lt;th&gt;Description&lt;/th&gt;\r\n    &lt;/tr&gt;\r\n    \r\n  &lt;/table&gt;\r\n\r\n&lt;/body&gt;\r\n\r\n      &lt;br /&gt;\r\n      &lt;br /&gt;\r\n      &lt;div class=\&quot;container\&quot;&gt;\r\n        &lt;div class=\&quot;row\&quot;&gt;\r\n          &lt;div class=\&quot;col-12 text-center\&quot;&gt;\r\n            &lt;img src=\&quot;/resources/images/spring-logo.svg\&quot; alt=\&quot;VMware Tanzu Logo\&quot; class=\&quot;logo\&quot;&gt;\r\n          &lt;/div&gt;\r\n        &lt;/div&gt;\r\n      &lt;/div&gt;\r\n    &lt;/div&gt;\r\n  &lt;/div&gt;\r\n\r\n  &lt;script src=\&quot;/webjars/bootstrap/5.3.8/dist/js/bootstrap.bundle.min.js\&quot;&gt;&lt;/script&gt;\r\n\r\n&lt;/body&gt;\r\n\r\n&lt;/html&gt;&quot;&#10;------------------------------------------------------------">tests\baseline\generated\api-test\test_owner.py:214: in test_TC_OWNER_025
    resp, data = request_helper.execute(case)
                 ^^^^^^^^^^^^^^^^^^^^^^^^^^^^
tests\baseline\generated\api-test\conftest.py:492: in execute
    return execute_request(
tests\baseline\generated\api-test\conftest.py:440: in execute_request
    raise AssertionError(f"{e}\n{context}") from None
E   AssertionError: 响应体不包含预期文本: 'Owner Information'
E   assert 'Owner Information' in '&lt;!DOCTYPE html&gt;\r\n\r\n&lt;html&gt;\r\n\r\n&lt;head&gt;\r\n\r\n  &lt;meta http-equiv="Content-Type" content="text/html; charset=UTF-8" /&gt;\r\n  &lt;meta charset="utf-8"&gt;\r\n  &lt;meta http-equiv="X-UA-Compatible" content="IE=edge"&gt;\r\n  &lt;meta name="viewport" content="width=device-width, initial-scale=1"&gt;\r\n  &lt;link rel="shortcut icon" type="image/x-icon" href="/resources/images/favicon.png"&gt;\r\n  &lt;title&gt;PetClinic :: a Spring Framework demonstration&lt;/title&gt;\r\n  &lt;link href="/webjars/font-awesome/4.7.0/css/font-awesome.min.css" rel="stylesheet"&gt;\r\n  &lt;link rel="stylesheet" href="/resources/css/petclinic.css" /&gt;\r\n\r\n&lt;/head&gt;\r\n\r\n&lt;body&gt;\r\n\r\n  &lt;nav class="navbar navbar-expand-lg navbar-dark" role="navigation"&gt;\r\n    &lt;div class="container-fluid"&gt;\r\n      &lt;a class="navbar-brand" href="/"&gt;&lt;span&gt;&lt;/span&gt;&lt;/a&gt;\r\n      &lt;button class="navbar-toggler" type="button" data-bs-toggle="collapse" data-bs-target="#main-navbar"&gt;\r\n        &lt;span class="navbar-toggler-icon"&gt;&lt;/span&gt;\r\n      &lt;/button&gt;\r\n      &lt;div class="collapse navbar-collapse" id="main-navbar" style&gt;\r\n\r\n        \r\n\r\n        &lt;ul class="nav navbar-nav me-auto"&gt;\r\n\r\n          &lt;li class="nav-item"&gt;\r\n            &lt;a class="nav-link" href... &lt;input class="form-control" type="text" id="description" name="description" value="Regular checkup" /&gt;\r\n            \r\n          &lt;/div&gt;\r\n          &lt;span class="fa fa-ok form-control-feedback" aria-hidden="true"&gt;&lt;/span&gt;\r\n          \r\n        &lt;/div&gt;\r\n      &lt;/div&gt;\r\n    \r\n    &lt;/div&gt;\r\n\r\n    &lt;div class="form-group"&gt;\r\n      &lt;div class="col-sm-offset-2 col-sm-10"&gt;\r\n        &lt;input type="hidden" name="petId" value="1" /&gt;\r\n        &lt;button class="btn btn-primary" type="submit"&gt;Add Visit&lt;/button&gt;\r\n      &lt;/div&gt;\r\n    &lt;/div&gt;\r\n  &lt;/form&gt;\r\n\r\n  &lt;br /&gt;\r\n  &lt;b&gt;Previous Visits&lt;/b&gt;\r\n  &lt;table class="table table-striped"&gt;\r\n    &lt;tr&gt;\r\n      &lt;th&gt;Date&lt;/th&gt;\r\n      &lt;th&gt;Description&lt;/th&gt;\r\n    &lt;/tr&gt;\r\n    \r\n  &lt;/table&gt;\r\n\r\n&lt;/body&gt;\r\n\r\n      &lt;br /&gt;\r\n      &lt;br /&gt;\r\n      &lt;div class="container"&gt;\r\n        &lt;div class="row"&gt;\r\n          &lt;div class="col-12 text-center"&gt;\r\n            &lt;img src="/resources/images/spring-logo.svg" alt="VMware Tanzu Logo" class="logo"&gt;\r\n          &lt;/div&gt;\r\n        &lt;/div&gt;\r\n      &lt;/div&gt;\r\n    &lt;/div&gt;\r\n  &lt;/div&gt;\r\n\r\n  &lt;script src="/webjars/bootstrap/5.3.8/dist/js/bootstrap.bundle.min.js"&gt;&lt;/script&gt;\r\n\r\n&lt;/body&gt;\r\n\r\n&lt;/html&gt;'
E    +  where '&lt;!DOCTYPE html&gt;\r\n\r\n&lt;html&gt;\r\n\r\n&lt;head&gt;\r\n\r\n  &lt;meta http-equiv="Content-Type" content="text/html; charset=UTF-8" /&gt;\r\n  &lt;meta charset="utf-8"&gt;\r\n  &lt;meta http-equiv="X-UA-Compatible" content="IE=edge"&gt;\r\n  &lt;meta name="viewport" content="width=device-width, initial-scale=1"&gt;\r\n  &lt;link rel="shortcut icon" type="image/x-icon" href="/resources/images/favicon.png"&gt;\r\n  &lt;title&gt;PetClinic :: a Spring Framework demonstration&lt;/title&gt;\r\n  &lt;link href="/webjars/font-awesome/4.7.0/css/font-awesome.min.css" rel="stylesheet"&gt;\r\n  &lt;link rel="stylesheet" href="/resources/css/petclinic.css" /&gt;\r\n\r\n&lt;/head&gt;\r\n\r\n&lt;body&gt;\r\n\r\n  &lt;nav class="navbar navbar-expand-lg navbar-dark" role="navigation"&gt;\r\n    &lt;div class="container-fluid"&gt;\r\n      &lt;a class="navbar-brand" href="/"&gt;&lt;span&gt;&lt;/span&gt;&lt;/a&gt;\r\n      &lt;button class="navbar-toggler" type="button" data-bs-toggle="collapse" data-bs-target="#main-navbar"&gt;\r\n        &lt;span class="navbar-toggler-icon"&gt;&lt;/span&gt;\r\n      &lt;/button&gt;\r\n      &lt;div class="collapse navbar-collapse" id="main-navbar" style&gt;\r\n\r\n        \r\n\r\n        &lt;ul class="nav navbar-nav me-auto"&gt;\r\n\r\n          &lt;li class="nav-item"&gt;\r\n            &lt;a class="nav-link" href... &lt;input class="form-control" type="text" id="description" name="description" value="Regular checkup" /&gt;\r\n            \r\n          &lt;/div&gt;\r\n          &lt;span class="fa fa-ok form-control-feedback" aria-hidden="true"&gt;&lt;/span&gt;\r\n          \r\n        &lt;/div&gt;\r\n      &lt;/div&gt;\r\n    \r\n    &lt;/div&gt;\r\n\r\n    &lt;div class="form-group"&gt;\r\n      &lt;div class="col-sm-offset-2 col-sm-10"&gt;\r\n        &lt;input type="hidden" name="petId" value="1" /&gt;\r\n        &lt;button class="btn btn-primary" type="submit"&gt;Add Visit&lt;/button&gt;\r\n      &lt;/div&gt;\r\n    &lt;/div&gt;\r\n  &lt;/form&gt;\r\n\r\n  &lt;br /&gt;\r\n  &lt;b&gt;Previous Visits&lt;/b&gt;\r\n  &lt;table class="table table-striped"&gt;\r\n    &lt;tr&gt;\r\n      &lt;th&gt;Date&lt;/th&gt;\r\n      &lt;th&gt;Description&lt;/th&gt;\r\n    &lt;/tr&gt;\r\n    \r\n  &lt;/table&gt;\r\n\r\n&lt;/body&gt;\r\n\r\n      &lt;br /&gt;\r\n      &lt;br /&gt;\r\n      &lt;div class="container"&gt;\r\n        &lt;div class="row"&gt;\r\n          &lt;div class="col-12 text-center"&gt;\r\n            &lt;img src="/resources/images/spring-logo.svg" alt="VMware Tanzu Logo" class="logo"&gt;\r\n          &lt;/div&gt;\r\n        &lt;/div&gt;\r\n      &lt;/div&gt;\r\n    &lt;/div&gt;\r\n  &lt;/div&gt;\r\n\r\n  &lt;script src="/webjars/bootstrap/5.3.8/dist/js/bootstrap.bundle.min.js"&gt;&lt;/script&gt;\r\n\r\n&lt;/body&gt;\r\n\r\n&lt;/html&gt;' = &lt;Response [200]&gt;.text
E   
E   ------------------------------------------------------------
E   [完整请求/响应上下文]
E     请求: POST http://localhost:8080/owners/1/pets/1/visits/new
E     请求体: {
E     "date": "2024-07-01",
E     "description": "Regular checkup"
E   }
E     响应状态码: 200
E     响应体:
E   "&lt;!DOCTYPE html&gt;\r\n\r\n&lt;html&gt;\r\n\r\n&lt;head&gt;\r\n\r\n  &lt;meta http-equiv=\"Content-Type\" content=\"text/html; charset=UTF-8\" /&gt;\r\n  &lt;meta charset=\"utf-8\"&gt;\r\n  &lt;meta http-equiv=\"X-UA-Compatible\" content=\"IE=edge\"&gt;\r\n  &lt;meta name=\"viewport\" content=\"width=device-width, initial-scale=1\"&gt;\r\n  &lt;link rel=\"shortcut icon\" type=\"image/x-icon\" href=\"/resources/images/favicon.png\"&gt;\r\n  &lt;title&gt;PetClinic :: a Spring Framework demonstration&lt;/title&gt;\r\n  &lt;link href=\"/webjars/font-awesome/4.7.0/css/font-awesome.min.css\" rel=\"stylesheet\"&gt;\r\n  &lt;link rel=\"stylesheet\" href=\"/resources/css/petclinic.css\" /&gt;\r\n\r\n&lt;/head&gt;\r\n\r\n&lt;body&gt;\r\n\r\n  &lt;nav class=\"navbar navbar-expand-lg navbar-dark\" role=\"navigation\"&gt;\r\n    &lt;div class=\"container-fluid\"&gt;\r\n      &lt;a class=\"navbar-brand\" href=\"/\"&gt;&lt;span&gt;&lt;/span&gt;&lt;/a&gt;\r\n      &lt;button class=\"navbar-toggler\" type=\"button\" data-bs-toggle=\"collapse\" data-bs-target=\"#main-navbar\"&gt;\r\n        &lt;span class=\"navbar-toggler-icon\"&gt;&lt;/span&gt;\r\n      &lt;/button&gt;\r\n      &lt;div class=\"collapse navbar-collapse\" id=\"main-navbar\" style&gt;\r\n\r\n        \r\n\r\n        &lt;ul class=\"nav navbar-nav me-auto\"&gt;\r\n\r\n          &lt;li class=\"nav-item\"&gt;\r\n            &lt;a class=\"nav-link\" href=\"/\" title=\"home page\"&gt;\r\n              &lt;span class=\"fa fa-home\"&gt;&lt;/span&gt;\r\n              &lt;span&gt;Home&lt;/span&gt;\r\n            &lt;/a&gt;\r\n          &lt;/li&gt;\r\n\r\n          &lt;li class=\"nav-item\"&gt;\r\n            &lt;a class=\"nav-link active\" href=\"/owners/find\" title=\"find owners\"&gt;\r\n              &lt;span class=\"fa fa-search\"&gt;&lt;/span&gt;\r\n              &lt;span&gt;Find Owners&lt;/span&gt;\r\n            &lt;/a&gt;\r\n          &lt;/li&gt;\r\n\r\n          &lt;li class=\"nav-item\"&gt;\r\n            &lt;a class=\"nav-link\" href=\"/vets.html\" title=\"veterinarians\"&gt;\r\n              &lt;span class=\"fa fa-th-list\"&gt;&lt;/span&gt;\r\n              &lt;span&gt;Veterinarians&lt;/span&gt;\r\n            &lt;/a&gt;\r\n          &lt;/li&gt;\r\n\r\n          &lt;li class=\"nav-item\"&gt;\r\n            &lt;a class=\"nav-link\" href=\"/oups\" title=\"trigger a RuntimeException to see how it is handled\"&gt;\r\n              &lt;span class=\"fa fa-exclamation-triangle\"&gt;&lt;/span&gt;\r\n              &lt;span&gt;Error&lt;/span&gt;\r\n            &lt;/a&gt;\r\n          &lt;/li&gt;\r\n\r\n        &lt;/ul&gt;\r\n      &lt;/div&gt;\r\n    &lt;/div&gt;\r\n  &lt;/nav&gt;\r\n  &lt;div class=\"container-fluid\"&gt;\r\n    &lt;div class=\"container xd-container\"&gt;\r\n\r\n      &lt;body&gt;\r\n\r\n  &lt;h2&gt;\r\n    New \r\n    Visit\r\n  &lt;/h2&gt;\r\n\r\n  &lt;b&gt;Pet&lt;/b&gt;\r\n  &lt;table class=\"table table-striped\"&gt;\r\n    &lt;thead&gt;\r\n      &lt;tr&gt;\r\n        &lt;th&gt;Name&lt;/th&gt;\r\n        &lt;th&gt;Birth Date&lt;/th&gt;\r\n        &lt;th&gt;Type&lt;/th&gt;\r\n        &lt;th&gt;Owner&lt;/th&gt;\r\n      &lt;/tr&gt;\r\n    &lt;/thead&gt;\r\n    &lt;tr&gt;\r\n      &lt;td&gt;Leo&lt;/td&gt;\r\n      &lt;td&gt;2010-09-07&lt;/td&gt;\r\n      &lt;td&gt;cat&lt;/td&gt;\r\n      &lt;td&gt;George Franklin&lt;/td&gt;\r\n    &lt;/tr&gt;\r\n  &lt;/table&gt;\r\n\r\n  &lt;form class=\"form-horizontal\" method=\"post\"&gt;\r\n    &lt;div class=\"form-group has-feedback\"&gt;\r\n      \r\n      &lt;div class=\"form-group has-error\"&gt;\r\n        &lt;label for=\"date\" class=\"col-sm-2 control-label\"&gt;Date&lt;/label&gt;\r\n        &lt;div class=\"col-sm-10\"&gt;\r\n          &lt;div&gt;\r\n            \r\n            &lt;input class=\"form-control\" type=\"date\" min=\"2026-07-11\" id=\"date\" name=\"date\" value=\"2024-07-01\" /&gt;\r\n          &lt;/div&gt;\r\n          \r\n          \r\n            &lt;span class=\"fa fa-remove form-control-feedback\" aria-hidden=\"true\"&gt;&lt;/span&gt;\r\n            &lt;span class=\"help-inline\"&gt;Visit date must be in the future&lt;/span&gt;\r\n          \r\n        &lt;/div&gt;\r\n      &lt;/div&gt;\r\n    \r\n      \r\n      &lt;div class=\"form-group\"&gt;\r\n        &lt;label for=\"description\" class=\"col-sm-2 control-label\"&gt;Description&lt;/label&gt;\r\n        &lt;div class=\"col-sm-10\"&gt;\r\n          &lt;div&gt;\r\n            &lt;input class=\"form-control\" type=\"text\" id=\"description\" name=\"description\" value=\"Regular checkup\" /&gt;\r\n            \r\n          &lt;/div&gt;\r\n          &lt;span class=\"fa fa-ok form-control-feedback\" aria-hidden=\"true\"&gt;&lt;/span&gt;\r\n          \r\n        &lt;/div&gt;\r\n      &lt;/div&gt;\r\n    \r\n    &lt;/div&gt;\r\n\r\n    &lt;div class=\"form-group\"&gt;\r\n      &lt;div class=\"col-sm-offset-2 col-sm-10\"&gt;\r\n        &lt;input type=\"hidden\" name=\"petId\" value=\"1\" /&gt;\r\n        &lt;button class=\"btn btn-primary\" type=\"submit\"&gt;Add Visit&lt;/button&gt;\r\n      &lt;/div&gt;\r\n    &lt;/div&gt;\r\n  &lt;/form&gt;\r\n\r\n  &lt;br /&gt;\r\n  &lt;b&gt;Previous Visits&lt;/b&gt;\r\n  &lt;table class=\"table table-striped\"&gt;\r\n    &lt;tr&gt;\r\n      &lt;th&gt;Date&lt;/th&gt;\r\n      &lt;th&gt;Description&lt;/th&gt;\r\n    &lt;/tr&gt;\r\n    \r\n  &lt;/table&gt;\r\n\r\n&lt;/body&gt;\r\n\r\n      &lt;br /&gt;\r\n      &lt;br /&gt;\r\n      &lt;div class=\"container\"&gt;\r\n        &lt;div class=\"row\"&gt;\r\n          &lt;div class=\"col-12 text-center\"&gt;\r\n            &lt;img src=\"/resources/images/spring-logo.svg\" alt=\"VMware Tanzu Logo\" class=\"logo\"&gt;\r\n          &lt;/div&gt;\r\n        &lt;/div&gt;\r\n      &lt;/div&gt;\r\n    &lt;/div&gt;\r\n  &lt;/div&gt;\r\n\r\n  &lt;script src=\"/webjars/bootstrap/5.3.8/dist/js/bootstrap.bundle.min.js\"&gt;&lt;/script&gt;\r\n\r\n&lt;/body&gt;\r\n\r\n&lt;/html&gt;"
E   ------------------------------------------------------------</failure></testcase><testcase classname="tests.baseline.generated.api-test.test_owner" name="test_TC_OWNER_026" time="0.034" /></testsuite></testsuites>