<?xml version="1.0" encoding="utf-8"?><testsuites name="pytest tests"><testsuite name="pytest" errors="0" failures="0" skipped="0" tests="20" time="3.251" timestamp="2026-07-14T15:02:56.433292+08:00" hostname="旅行者"><testcase classname="tests.baseline.generated.api-test.test_auth" name="test_TC_AUTH_001" time="2.646" /><testcase classname="tests.baseline.generated.api-test.test_auth" name="test_TC_AUTH_002" time="0.337" /><testcase classname="tests.baseline.generated.api-test.test_auth" name="test_TC_AUTH_003" time="0.001" /><testcase classname="tests.baseline.generated.api-test.test_auth" name="test_TC_AUTH_004" time="0.000" /><testcase classname="tests.baseline.generated.api-test.test_auth" name="test_TC_AUTH_005" time="0.000" /><testcase classname="tests.baseline.generated.api-test.test_auth" name="test_TC_AUTH_006" time="0.000" /><testcase classname="tests.baseline.generated.api-test.test_auth" name="test_TC_AUTH_007" time="0.000" /><testcase classname="tests.baseline.generated.api-test.test_auth" name="test_TC_AUTH_008" time="0.000" /><testcase classname="tests.baseline.generated.api-test.test_auth" name="test_TC_AUTH_009" time="0.005" /><testcase classname="tests.baseline.generated.api-test.test_auth" name="test_TC_AUTH_010" time="0.000" /><testcase classname="tests.baseline.generated.api-test.test_auth" name="test_TC_AUTH_011" time="0.000" /><testcase classname="tests.baseline.generated.api-test.test_auth" name="test_TC_AUTH_012" time="0.000" /><testcase classname="tests.baseline.generated.api-test.test_auth" name="test_TC_AUTH_013" time="0.000" /><testcase classname="tests.baseline.generated.api-test.test_auth" name="test_TC_AUTH_014" time="0.000" /><testcase classname="tests.baseline.generated.api-test.test_auth" name="test_TC_AUTH_015" time="0.001" /><testcase classname="tests.baseline.generated.api-test.test_auth" name="test_TC_AUTH_016" time="0.000" /><testcase classname="tests.baseline.generated.api-test.test_auth" name="test_TC_AUTH_017" time="0.000" /><testcase classname="tests.baseline.generated.api-test.test_auth" name="test_TC_AUTH_018" time="0.000" /><testcase classname="tests.baseline.generated.api-test.test_auth" name="test_TC_AUTH_019" time="0.000" /><testcase classname="tests.baseline.generated.api-test.test_auth" name="test_TC_AUTH_020" time="0.001" /></testsuite></testsuites>